<?xml version="1.0" encoding="UTF-8"?>
<testsuite name="mavlc.frontend.ast.ASTCompareTest" tests="14" skipped="0" failures="13" errors="0" timestamp="2017-11-10T14:31:51" hostname="Vladis-MacBook-Pro.local" time="2.238">
  <properties/>
  <testcase name="testExample[foreach2]" classname="mavlc.frontend.ast.ASTCompareTest" time="0.65">
    <failure message="org.junit.ComparisonFailure: Expected child nodelist length '3' but was '2' - comparing &lt;struct...&gt; at /module[1]/function[1]/functionBody[1]/forEachLoop[1]/struct[1] to &lt;struct...&gt; at /module[1]/function[1]/functionBody[1]/forEachLoop[1]/struct[1] expected:&lt;...     &lt;struct class=&quot;[structInit&quot;&gt;&#10;          &lt;srcLine&gt;2&lt;/srcLine&gt;&#10;          &lt;srcColumn&gt;23&lt;/srcColumn&gt;&#10;          &lt;elements class=&quot;linked-list&quot;&gt;&#10;            &lt;floatVal&gt;&#10;              &lt;srcLine&gt;2&lt;/srcLine&gt;&#10;              &lt;srcColumn&gt;24&lt;/srcColumn&gt;&#10;              &lt;val&gt;1.0&lt;/val&gt;&#10;            &lt;/floatVal&gt;&#10;            &lt;floatVal&gt;&#10;              &lt;srcLine&gt;2&lt;/srcLine&gt;&#10;              &lt;srcColumn&gt;29&lt;/srcColumn&gt;&#10;              &lt;val&gt;2.0&lt;/val&gt;&#10;            &lt;/floatVal&gt;&#10;            &lt;floatVal&gt;&#10;              &lt;srcLine&gt;2&lt;/srcLine&gt;&#10;              &lt;srcColumn&gt;34&lt;/srcColumn&gt;&#10;              &lt;val&gt;3.0&lt;/val&gt;&#10;            &lt;/floatVal&gt;&#10;          &lt;/elements&gt;&#10;        &lt;/struct&gt;&#10;        &lt;body class=&quot;callStmt&quot;&gt;&#10;          &lt;srcLine&gt;3&lt;/srcLine&gt;&#10;          &lt;srcColumn&gt;2&lt;/srcColumn&gt;&#10;          &lt;call&gt;&#10;            &lt;srcLine&gt;3&lt;/srcLine&gt;&#10;            &lt;srcColumn&gt;2&lt;/srcColumn&gt;&#10;            &lt;name&gt;printFloat&lt;/name&gt;&#10;            &lt;actualParameters&gt;&#10;              &lt;idRef&gt;&#10;                &lt;srcLine&gt;3&lt;/srcLine&gt;&#10;                &lt;srcColumn&gt;13&lt;/srcColumn&gt;&#10;                &lt;idName&gt;i&lt;/idName&gt;&#10;              &lt;/idRef]&gt;&#10;            &lt;/actu...&gt; but was:&lt;...     &lt;struct class=&quot;[recordElemSelect&quot;&gt;&#10;          &lt;srcLine&gt;2&lt;/srcLine&gt;&#10;          &lt;srcColumn&gt;23&lt;/srcColumn&gt;&#10;        &lt;/struct&gt;&#10;        &lt;body class=&quot;callStmt&quot;&gt;&#10;          &lt;srcLine&gt;3&lt;/srcLine&gt;&#10;          &lt;srcColumn&gt;2&lt;/srcColumn&gt;&#10;          &lt;call&gt;&#10;            &lt;srcLine&gt;3&lt;/srcLine&gt;&#10;            &lt;srcColumn&gt;2&lt;/srcColumn&gt;&#10;            &lt;name&gt;printFloat&lt;/name&gt;&#10;            &lt;actualParameters&gt;&#10;              &lt;recordElemSelect&gt;&#10;                &lt;srcLine&gt;3&lt;/srcLine&gt;&#10;                &lt;srcColumn&gt;13&lt;/srcColumn&gt;&#10;              &lt;/recordElemSelect]&gt;&#10;            &lt;/actu...&gt;" type="org.junit.ComparisonFailure">org.junit.ComparisonFailure: Expected child nodelist length '3' but was '2' - comparing &lt;struct...&gt; at /module[1]/function[1]/functionBody[1]/forEachLoop[1]/struct[1] to &lt;struct...&gt; at /module[1]/function[1]/functionBody[1]/forEachLoop[1]/struct[1] expected:&lt;...     &lt;struct class=&quot;[structInit&quot;&gt;
          &lt;srcLine&gt;2&lt;/srcLine&gt;
          &lt;srcColumn&gt;23&lt;/srcColumn&gt;
          &lt;elements class=&quot;linked-list&quot;&gt;
            &lt;floatVal&gt;
              &lt;srcLine&gt;2&lt;/srcLine&gt;
              &lt;srcColumn&gt;24&lt;/srcColumn&gt;
              &lt;val&gt;1.0&lt;/val&gt;
            &lt;/floatVal&gt;
            &lt;floatVal&gt;
              &lt;srcLine&gt;2&lt;/srcLine&gt;
              &lt;srcColumn&gt;29&lt;/srcColumn&gt;
              &lt;val&gt;2.0&lt;/val&gt;
            &lt;/floatVal&gt;
            &lt;floatVal&gt;
              &lt;srcLine&gt;2&lt;/srcLine&gt;
              &lt;srcColumn&gt;34&lt;/srcColumn&gt;
              &lt;val&gt;3.0&lt;/val&gt;
            &lt;/floatVal&gt;
          &lt;/elements&gt;
        &lt;/struct&gt;
        &lt;body class=&quot;callStmt&quot;&gt;
          &lt;srcLine&gt;3&lt;/srcLine&gt;
          &lt;srcColumn&gt;2&lt;/srcColumn&gt;
          &lt;call&gt;
            &lt;srcLine&gt;3&lt;/srcLine&gt;
            &lt;srcColumn&gt;2&lt;/srcColumn&gt;
            &lt;name&gt;printFloat&lt;/name&gt;
            &lt;actualParameters&gt;
              &lt;idRef&gt;
                &lt;srcLine&gt;3&lt;/srcLine&gt;
                &lt;srcColumn&gt;13&lt;/srcColumn&gt;
                &lt;idName&gt;i&lt;/idName&gt;
              &lt;/idRef]&gt;
            &lt;/actu...&gt; but was:&lt;...     &lt;struct class=&quot;[recordElemSelect&quot;&gt;
          &lt;srcLine&gt;2&lt;/srcLine&gt;
          &lt;srcColumn&gt;23&lt;/srcColumn&gt;
        &lt;/struct&gt;
        &lt;body class=&quot;callStmt&quot;&gt;
          &lt;srcLine&gt;3&lt;/srcLine&gt;
          &lt;srcColumn&gt;2&lt;/srcColumn&gt;
          &lt;call&gt;
            &lt;srcLine&gt;3&lt;/srcLine&gt;
            &lt;srcColumn&gt;2&lt;/srcColumn&gt;
            &lt;name&gt;printFloat&lt;/name&gt;
            &lt;actualParameters&gt;
              &lt;recordElemSelect&gt;
                &lt;srcLine&gt;3&lt;/srcLine&gt;
                &lt;srcColumn&gt;13&lt;/srcColumn&gt;
              &lt;/recordElemSelect]&gt;
            &lt;/actu...&gt;
	at sun.reflect.NativeConstructorAccessorImpl.newInstance0(Native Method)
	at sun.reflect.NativeConstructorAccessorImpl.newInstance(NativeConstructorAccessorImpl.java:62)
	at sun.reflect.DelegatingConstructorAccessorImpl.newInstance(DelegatingConstructorAccessorImpl.java:45)
	at java.lang.reflect.Constructor.newInstance(Constructor.java:423)
	at org.xmlunit.matchers.CompareMatcher.createComparisonFailure(CompareMatcher.java:315)
	at org.xmlunit.matchers.CompareMatcher.createComparisonFailure(CompareMatcher.java:299)
	at org.xmlunit.matchers.CompareMatcher.matches(CompareMatcher.java:279)
	at org.hamcrest.MatcherAssert.assertThat(MatcherAssert.java:12)
	at org.junit.Assert.assertThat(Assert.java:956)
	at org.junit.Assert.assertThat(Assert.java:923)
	at mavlc.frontend.ast.ASTCompareTest.testExample(ASTCompareTest.java:69)
	at sun.reflect.NativeMethodAccessorImpl.invoke0(Native Method)
	at sun.reflect.NativeMethodAccessorImpl.invoke(NativeMethodAccessorImpl.java:62)
	at sun.reflect.DelegatingMethodAccessorImpl.invoke(DelegatingMethodAccessorImpl.java:43)
	at java.lang.reflect.Method.invoke(Method.java:498)
	at org.junit.runners.model.FrameworkMethod$1.runReflectiveCall(FrameworkMethod.java:50)
	at org.junit.internal.runners.model.ReflectiveCallable.run(ReflectiveCallable.java:12)
	at org.junit.runners.model.FrameworkMethod.invokeExplosively(FrameworkMethod.java:47)
	at org.junit.internal.runners.statements.InvokeMethod.evaluate(InvokeMethod.java:17)
	at org.junit.runners.ParentRunner.runLeaf(ParentRunner.java:325)
	at org.junit.runners.BlockJUnit4ClassRunner.runChild(BlockJUnit4ClassRunner.java:78)
	at org.junit.runners.BlockJUnit4ClassRunner.runChild(BlockJUnit4ClassRunner.java:57)
	at org.junit.runners.ParentRunner$3.run(ParentRunner.java:290)
	at org.junit.runners.ParentRunner$1.schedule(ParentRunner.java:71)
	at org.junit.runners.ParentRunner.runChildren(ParentRunner.java:288)
	at org.junit.runners.ParentRunner.access$000(ParentRunner.java:58)
	at org.junit.runners.ParentRunner$2.evaluate(ParentRunner.java:268)
	at org.junit.runners.ParentRunner.run(ParentRunner.java:363)
	at org.junit.runners.Suite.runChild(Suite.java:128)
	at org.junit.runners.Suite.runChild(Suite.java:27)
	at org.junit.runners.ParentRunner$3.run(ParentRunner.java:290)
	at org.junit.runners.ParentRunner$1.schedule(ParentRunner.java:71)
	at org.junit.runners.ParentRunner.runChildren(ParentRunner.java:288)
	at org.junit.runners.ParentRunner.access$000(ParentRunner.java:58)
	at org.junit.runners.ParentRunner$2.evaluate(ParentRunner.java:268)
	at org.junit.runners.ParentRunner.run(ParentRunner.java:363)
	at org.gradle.api.internal.tasks.testing.junit.JUnitTestClassExecuter.runTestClass(JUnitTestClassExecuter.java:114)
	at org.gradle.api.internal.tasks.testing.junit.JUnitTestClassExecuter.execute(JUnitTestClassExecuter.java:57)
	at org.gradle.api.internal.tasks.testing.junit.JUnitTestClassProcessor.processTestClass(JUnitTestClassProcessor.java:66)
	at org.gradle.api.internal.tasks.testing.SuiteTestClassProcessor.processTestClass(SuiteTestClassProcessor.java:51)
	at sun.reflect.NativeMethodAccessorImpl.invoke0(Native Method)
	at sun.reflect.NativeMethodAccessorImpl.invoke(NativeMethodAccessorImpl.java:62)
	at sun.reflect.DelegatingMethodAccessorImpl.invoke(DelegatingMethodAccessorImpl.java:43)
	at java.lang.reflect.Method.invoke(Method.java:498)
	at org.gradle.internal.dispatch.ReflectionDispatch.dispatch(ReflectionDispatch.java:35)
	at org.gradle.internal.dispatch.ReflectionDispatch.dispatch(ReflectionDispatch.java:24)
	at org.gradle.internal.dispatch.ContextClassLoaderDispatch.dispatch(ContextClassLoaderDispatch.java:32)
	at org.gradle.internal.dispatch.ProxyDispatchAdapter$DispatchingInvocationHandler.invoke(ProxyDispatchAdapter.java:93)
	at com.sun.proxy.$Proxy2.processTestClass(Unknown Source)
	at org.gradle.api.internal.tasks.testing.worker.TestWorker.processTestClass(TestWorker.java:109)
	at sun.reflect.NativeMethodAccessorImpl.invoke0(Native Method)
	at sun.reflect.NativeMethodAccessorImpl.invoke(NativeMethodAccessorImpl.java:62)
	at sun.reflect.DelegatingMethodAccessorImpl.invoke(DelegatingMethodAccessorImpl.java:43)
	at java.lang.reflect.Method.invoke(Method.java:498)
	at org.gradle.internal.dispatch.ReflectionDispatch.dispatch(ReflectionDispatch.java:35)
	at org.gradle.internal.dispatch.ReflectionDispatch.dispatch(ReflectionDispatch.java:24)
	at org.gradle.internal.remote.internal.hub.MessageHub$Handler.run(MessageHub.java:377)
	at org.gradle.internal.concurrent.ExecutorPolicy$CatchAndRecordFailures.onExecute(ExecutorPolicy.java:54)
	at org.gradle.internal.concurrent.StoppableExecutorImpl$1.run(StoppableExecutorImpl.java:40)
	at java.util.concurrent.ThreadPoolExecutor.runWorker(ThreadPoolExecutor.java:1142)
	at java.util.concurrent.ThreadPoolExecutor$Worker.run(ThreadPoolExecutor.java:617)
	at java.lang.Thread.run(Thread.java:745)
</failure>
  </testcase>
  <testcase name="testExample[foreach1]" classname="mavlc.frontend.ast.ASTCompareTest" time="0.323">
    <failure message="org.junit.ComparisonFailure: Expected child nodelist length '3' but was '2' - comparing &lt;value...&gt; at /module[1]/function[1]/functionBody[1]/valDef[1]/value[1] to &lt;value...&gt; at /module[1]/function[1]/functionBody[1]/valDef[1]/value[1] expected:&lt;...      &lt;value class=&quot;[structInit&quot;&gt;&#10;          &lt;srcLine&gt;2&lt;/srcLine&gt;&#10;          &lt;srcColumn&gt;29&lt;/srcColumn&gt;&#10;          &lt;elements class=&quot;linked-list&quot;&gt;&#10;            &lt;structInit&gt;&#10;              &lt;srcLine&gt;2&lt;/srcLine&gt;&#10;              &lt;srcColumn&gt;30&lt;/srcColumn&gt;&#10;              &lt;elements class=&quot;linked-list&quot;&gt;&#10;                &lt;floatVal&gt;&#10;                  &lt;srcLine&gt;2&lt;/srcLine&gt;&#10;                  &lt;srcColumn&gt;31&lt;/srcColumn&gt;&#10;                  &lt;val&gt;2.5&lt;/val&gt;&#10;                &lt;/floatVal&gt;&#10;                &lt;floatVal&gt;&#10;                  &lt;srcLine&gt;2&lt;/srcLine&gt;&#10;                  &lt;srcColumn&gt;36&lt;/srcColumn&gt;&#10;                  &lt;val&gt;3.1&lt;/val&gt;&#10;                &lt;/floatVal&gt;&#10;              &lt;/elements&gt;&#10;            &lt;/structInit&gt;&#10;            &lt;structInit&gt;&#10;              &lt;srcLine&gt;2&lt;/srcLine&gt;&#10;              &lt;srcColumn&gt;42&lt;/srcColumn&gt;&#10;              &lt;elements class=&quot;linked-list&quot;&gt;&#10;                &lt;floatVal&gt;&#10;                  &lt;srcLine&gt;2&lt;/srcLine&gt;&#10;                  &lt;srcColumn&gt;43&lt;/srcColumn&gt;&#10;                  &lt;val&gt;2.0&lt;/val&gt;&#10;                &lt;/floatVal&gt;&#10;                &lt;unaryMinus&gt;&#10;                  &lt;srcLine&gt;2&lt;/srcLine&gt;&#10;                  &lt;srcColumn&gt;48&lt;/srcColumn&gt;&#10;                  &lt;op class=&quot;floatVal&quot;&gt;&#10;                    &lt;srcLine&gt;2&lt;/srcLine&gt;&#10;                    &lt;srcColumn&gt;49&lt;/srcColumn&gt;&#10;                    &lt;val&gt;1.2&lt;/val&gt;&#10;                  &lt;/op&gt;&#10;                &lt;/unaryMinus&gt;&#10;              &lt;/elements&gt;&#10;            &lt;/structInit&gt;&#10;          &lt;/elements&gt;&#10;        &lt;/value&gt;&#10;      &lt;/valDef&gt;&#10;      &lt;varDecl&gt;&#10;        &lt;srcLine&gt;3&lt;/srcLine&gt;&#10;        &lt;srcColumn&gt;1&lt;/srcColumn&gt;&#10;        &lt;type class=&quot;floatType&quot; reference=&quot;../../valDef/type/elemType&quot;/&gt;&#10;        &lt;name&gt;sum&lt;/name&gt;&#10;        &lt;localBaseOffset&gt;0&lt;/localBaseOffset&gt;&#10;      &lt;/varDecl&gt;&#10;      &lt;varAssign&gt;&#10;        &lt;srcLine&gt;4&lt;/srcLine&gt;&#10;        &lt;srcColumn&gt;1&lt;/srcColumn&gt;&#10;        &lt;identifier&gt;&#10;          &lt;srcLine&gt;4&lt;/srcLine&gt;&#10;          &lt;srcColumn&gt;1&lt;/srcColumn&gt;&#10;          &lt;name&gt;sum&lt;/name&gt;&#10;        &lt;/identifier&gt;&#10;        &lt;value class=&quot;floatVal&quot;&gt;&#10;          &lt;srcLine&gt;4&lt;/srcLine&gt;&#10;          &lt;srcColumn&gt;7&lt;/srcColumn&gt;&#10;          &lt;val&gt;0.0&lt;/val&gt;&#10;        &lt;/value&gt;&#10;      &lt;/varAssign&gt;&#10;      &lt;forEachLoop&gt;&#10;        &lt;srcLine&gt;5&lt;/srcLine&gt;&#10;        &lt;srcColumn&gt;1&lt;/srcColumn&gt;&#10;        &lt;iterator&gt;&#10;          &lt;srcLine&gt;5&lt;/srcLine&gt;&#10;          &lt;srcColumn&gt;9&lt;/srcColumn&gt;&#10;          &lt;type class=&quot;floatType&quot; reference=&quot;../../../valDef/type/elemType&quot;/&gt;&#10;          &lt;name&gt;i&lt;/name&gt;&#10;          &lt;localBaseOffset&gt;0&lt;/localBaseOffset&gt;&#10;          &lt;isVariable&gt;false&lt;/isVariable&gt;&#10;        &lt;/iterator&gt;&#10;        &lt;struct class=&quot;matrixMul&quot;&gt;&#10;          &lt;srcLine&gt;5&lt;/srcLine&gt;&#10;          &lt;srcColumn&gt;23&lt;/srcColumn&gt;&#10;          &lt;leftOp class=&quot;idRef&quot;&gt;&#10;            &lt;srcLine&gt;5&lt;/srcLine&gt;&#10;            &lt;srcColumn&gt;23&lt;/srcColumn&gt;&#10;            &lt;idName&gt;M&lt;/idName&gt;&#10;          &lt;/leftOp&gt;&#10;          &lt;rightOp class=&quot;idRef&quot;&gt;&#10;            &lt;srcLine&gt;5&lt;/srcLine&gt;&#10;            &lt;srcColumn&gt;27&lt;/srcColumn&gt;&#10;            &lt;idName&gt;M&lt;/idName&gt;&#10;          &lt;/rightOp&gt;&#10;        &lt;/struct&gt;&#10;        &lt;body class=&quot;compoundStmt&quot;&gt;&#10;          &lt;srcLine&gt;5&lt;/srcLine&gt;&#10;          &lt;srcColumn&gt;30&lt;/srcColumn&gt;&#10;          &lt;statements&gt;&#10;            &lt;varAssign&gt;&#10;              &lt;srcLine&gt;6&lt;/srcLine&gt;&#10;              &lt;srcColumn&gt;2&lt;/srcColumn&gt;&#10;              &lt;identifier&gt;&#10;                &lt;srcLine&gt;6&lt;/srcLine&gt;&#10;                &lt;srcColumn&gt;2&lt;/srcColumn&gt;&#10;                &lt;name&gt;sum&lt;/name&gt;&#10;              &lt;/identifier&gt;&#10;              &lt;value class=&quot;addition&quot;&gt;&#10;                &lt;srcLine&gt;6&lt;/srcLine&gt;&#10;                &lt;srcColumn&gt;8&lt;/srcColumn&gt;&#10;                &lt;leftOp class=&quot;idRef&quot;&gt;&#10;                  &lt;srcLine&gt;6&lt;/srcLine&gt;&#10;                  &lt;srcColumn&gt;8&lt;/srcColumn&gt;&#10;                  &lt;idName&gt;sum&lt;/idName&gt;&#10;                &lt;/leftOp&gt;&#10;                &lt;rightOp class=&quot;idRef&quot;&gt;&#10;                  &lt;srcLine&gt;6&lt;/srcLine&gt;&#10;                  &lt;srcColumn&gt;14&lt;/srcColumn&gt;&#10;                  &lt;idName&gt;i&lt;/idName]&gt;&#10;                &lt;/...&gt; but was:&lt;...      &lt;value class=&quot;[recordElemSelect&quot;&gt;&#10;          &lt;srcLine&gt;2&lt;/srcLine&gt;&#10;          &lt;srcColumn&gt;29&lt;/srcColumn&gt;&#10;        &lt;/value&gt;&#10;      &lt;/valDef&gt;&#10;      &lt;varDecl&gt;&#10;        &lt;srcLine&gt;3&lt;/srcLine&gt;&#10;        &lt;srcColumn&gt;1&lt;/srcColumn&gt;&#10;        &lt;type class=&quot;floatType&quot; reference=&quot;../../valDef/type/elemType&quot;/&gt;&#10;        &lt;name&gt;sum&lt;/name&gt;&#10;        &lt;localBaseOffset&gt;0&lt;/localBaseOffset&gt;&#10;      &lt;/varDecl&gt;&#10;      &lt;varAssign&gt;&#10;        &lt;srcLine&gt;4&lt;/srcLine&gt;&#10;        &lt;srcColumn&gt;1&lt;/srcColumn&gt;&#10;        &lt;identifier&gt;&#10;          &lt;srcLine&gt;4&lt;/srcLine&gt;&#10;          &lt;srcColumn&gt;1&lt;/srcColumn&gt;&#10;          &lt;name&gt;sum&lt;/name&gt;&#10;        &lt;/identifier&gt;&#10;        &lt;value class=&quot;recordElemSelect&quot;&gt;&#10;          &lt;srcLine&gt;4&lt;/srcLine&gt;&#10;          &lt;srcColumn&gt;7&lt;/srcColumn&gt;&#10;        &lt;/value&gt;&#10;      &lt;/varAssign&gt;&#10;      &lt;forEachLoop&gt;&#10;        &lt;srcLine&gt;5&lt;/srcLine&gt;&#10;        &lt;srcColumn&gt;1&lt;/srcColumn&gt;&#10;        &lt;iterator&gt;&#10;          &lt;srcLine&gt;5&lt;/srcLine&gt;&#10;          &lt;srcColumn&gt;9&lt;/srcColumn&gt;&#10;          &lt;type class=&quot;floatType&quot; reference=&quot;../../../valDef/type/elemType&quot;/&gt;&#10;          &lt;name&gt;i&lt;/name&gt;&#10;          &lt;localBaseOffset&gt;0&lt;/localBaseOffset&gt;&#10;          &lt;isVariable&gt;false&lt;/isVariable&gt;&#10;        &lt;/iterator&gt;&#10;        &lt;struct class=&quot;matrixMul&quot;&gt;&#10;          &lt;srcLine&gt;5&lt;/srcLine&gt;&#10;          &lt;srcColumn&gt;23&lt;/srcColumn&gt;&#10;          &lt;leftOp class=&quot;recordElemSelect&quot;&gt;&#10;            &lt;srcLine&gt;5&lt;/srcLine&gt;&#10;            &lt;srcColumn&gt;23&lt;/srcColumn&gt;&#10;          &lt;/leftOp&gt;&#10;          &lt;rightOp class=&quot;recordElemSelect&quot;&gt;&#10;            &lt;srcLine&gt;5&lt;/srcLine&gt;&#10;            &lt;srcColumn&gt;27&lt;/srcColumn&gt;&#10;          &lt;/rightOp&gt;&#10;        &lt;/struct&gt;&#10;        &lt;body class=&quot;compoundStmt&quot;&gt;&#10;          &lt;srcLine&gt;5&lt;/srcLine&gt;&#10;          &lt;srcColumn&gt;30&lt;/srcColumn&gt;&#10;          &lt;statements&gt;&#10;            &lt;varAssign&gt;&#10;              &lt;srcLine&gt;6&lt;/srcLine&gt;&#10;              &lt;srcColumn&gt;2&lt;/srcColumn&gt;&#10;              &lt;identifier&gt;&#10;                &lt;srcLine&gt;6&lt;/srcLine&gt;&#10;                &lt;srcColumn&gt;2&lt;/srcColumn&gt;&#10;                &lt;name&gt;sum&lt;/name&gt;&#10;              &lt;/identifier&gt;&#10;              &lt;value class=&quot;addition&quot;&gt;&#10;                &lt;srcLine&gt;6&lt;/srcLine&gt;&#10;                &lt;srcColumn&gt;8&lt;/srcColumn&gt;&#10;                &lt;leftOp class=&quot;recordElemSelect&quot;&gt;&#10;                  &lt;srcLine&gt;6&lt;/srcLine&gt;&#10;                  &lt;srcColumn&gt;8&lt;/srcColumn&gt;&#10;                &lt;/leftOp&gt;&#10;                &lt;rightOp class=&quot;recordElemSelect&quot;&gt;&#10;                  &lt;srcLine&gt;6&lt;/srcLine&gt;&#10;                  &lt;srcColumn&gt;14&lt;/srcColumn]&gt;&#10;                &lt;/...&gt;" type="org.junit.ComparisonFailure">org.junit.ComparisonFailure: Expected child nodelist length '3' but was '2' - comparing &lt;value...&gt; at /module[1]/function[1]/functionBody[1]/valDef[1]/value[1] to &lt;value...&gt; at /module[1]/function[1]/functionBody[1]/valDef[1]/value[1] expected:&lt;...      &lt;value class=&quot;[structInit&quot;&gt;
          &lt;srcLine&gt;2&lt;/srcLine&gt;
          &lt;srcColumn&gt;29&lt;/srcColumn&gt;
          &lt;elements class=&quot;linked-list&quot;&gt;
            &lt;structInit&gt;
              &lt;srcLine&gt;2&lt;/srcLine&gt;
              &lt;srcColumn&gt;30&lt;/srcColumn&gt;
              &lt;elements class=&quot;linked-list&quot;&gt;
                &lt;floatVal&gt;
                  &lt;srcLine&gt;2&lt;/srcLine&gt;
                  &lt;srcColumn&gt;31&lt;/srcColumn&gt;
                  &lt;val&gt;2.5&lt;/val&gt;
                &lt;/floatVal&gt;
                &lt;floatVal&gt;
                  &lt;srcLine&gt;2&lt;/srcLine&gt;
                  &lt;srcColumn&gt;36&lt;/srcColumn&gt;
                  &lt;val&gt;3.1&lt;/val&gt;
                &lt;/floatVal&gt;
              &lt;/elements&gt;
            &lt;/structInit&gt;
            &lt;structInit&gt;
              &lt;srcLine&gt;2&lt;/srcLine&gt;
              &lt;srcColumn&gt;42&lt;/srcColumn&gt;
              &lt;elements class=&quot;linked-list&quot;&gt;
                &lt;floatVal&gt;
                  &lt;srcLine&gt;2&lt;/srcLine&gt;
                  &lt;srcColumn&gt;43&lt;/srcColumn&gt;
                  &lt;val&gt;2.0&lt;/val&gt;
                &lt;/floatVal&gt;
                &lt;unaryMinus&gt;
                  &lt;srcLine&gt;2&lt;/srcLine&gt;
                  &lt;srcColumn&gt;48&lt;/srcColumn&gt;
                  &lt;op class=&quot;floatVal&quot;&gt;
                    &lt;srcLine&gt;2&lt;/srcLine&gt;
                    &lt;srcColumn&gt;49&lt;/srcColumn&gt;
                    &lt;val&gt;1.2&lt;/val&gt;
                  &lt;/op&gt;
                &lt;/unaryMinus&gt;
              &lt;/elements&gt;
            &lt;/structInit&gt;
          &lt;/elements&gt;
        &lt;/value&gt;
      &lt;/valDef&gt;
      &lt;varDecl&gt;
        &lt;srcLine&gt;3&lt;/srcLine&gt;
        &lt;srcColumn&gt;1&lt;/srcColumn&gt;
        &lt;type class=&quot;floatType&quot; reference=&quot;../../valDef/type/elemType&quot;/&gt;
        &lt;name&gt;sum&lt;/name&gt;
        &lt;localBaseOffset&gt;0&lt;/localBaseOffset&gt;
      &lt;/varDecl&gt;
      &lt;varAssign&gt;
        &lt;srcLine&gt;4&lt;/srcLine&gt;
        &lt;srcColumn&gt;1&lt;/srcColumn&gt;
        &lt;identifier&gt;
          &lt;srcLine&gt;4&lt;/srcLine&gt;
          &lt;srcColumn&gt;1&lt;/srcColumn&gt;
          &lt;name&gt;sum&lt;/name&gt;
        &lt;/identifier&gt;
        &lt;value class=&quot;floatVal&quot;&gt;
          &lt;srcLine&gt;4&lt;/srcLine&gt;
          &lt;srcColumn&gt;7&lt;/srcColumn&gt;
          &lt;val&gt;0.0&lt;/val&gt;
        &lt;/value&gt;
      &lt;/varAssign&gt;
      &lt;forEachLoop&gt;
        &lt;srcLine&gt;5&lt;/srcLine&gt;
        &lt;srcColumn&gt;1&lt;/srcColumn&gt;
        &lt;iterator&gt;
          &lt;srcLine&gt;5&lt;/srcLine&gt;
          &lt;srcColumn&gt;9&lt;/srcColumn&gt;
          &lt;type class=&quot;floatType&quot; reference=&quot;../../../valDef/type/elemType&quot;/&gt;
          &lt;name&gt;i&lt;/name&gt;
          &lt;localBaseOffset&gt;0&lt;/localBaseOffset&gt;
          &lt;isVariable&gt;false&lt;/isVariable&gt;
        &lt;/iterator&gt;
        &lt;struct class=&quot;matrixMul&quot;&gt;
          &lt;srcLine&gt;5&lt;/srcLine&gt;
          &lt;srcColumn&gt;23&lt;/srcColumn&gt;
          &lt;leftOp class=&quot;idRef&quot;&gt;
            &lt;srcLine&gt;5&lt;/srcLine&gt;
            &lt;srcColumn&gt;23&lt;/srcColumn&gt;
            &lt;idName&gt;M&lt;/idName&gt;
          &lt;/leftOp&gt;
          &lt;rightOp class=&quot;idRef&quot;&gt;
            &lt;srcLine&gt;5&lt;/srcLine&gt;
            &lt;srcColumn&gt;27&lt;/srcColumn&gt;
            &lt;idName&gt;M&lt;/idName&gt;
          &lt;/rightOp&gt;
        &lt;/struct&gt;
        &lt;body class=&quot;compoundStmt&quot;&gt;
          &lt;srcLine&gt;5&lt;/srcLine&gt;
          &lt;srcColumn&gt;30&lt;/srcColumn&gt;
          &lt;statements&gt;
            &lt;varAssign&gt;
              &lt;srcLine&gt;6&lt;/srcLine&gt;
              &lt;srcColumn&gt;2&lt;/srcColumn&gt;
              &lt;identifier&gt;
                &lt;srcLine&gt;6&lt;/srcLine&gt;
                &lt;srcColumn&gt;2&lt;/srcColumn&gt;
                &lt;name&gt;sum&lt;/name&gt;
              &lt;/identifier&gt;
              &lt;value class=&quot;addition&quot;&gt;
                &lt;srcLine&gt;6&lt;/srcLine&gt;
                &lt;srcColumn&gt;8&lt;/srcColumn&gt;
                &lt;leftOp class=&quot;idRef&quot;&gt;
                  &lt;srcLine&gt;6&lt;/srcLine&gt;
                  &lt;srcColumn&gt;8&lt;/srcColumn&gt;
                  &lt;idName&gt;sum&lt;/idName&gt;
                &lt;/leftOp&gt;
                &lt;rightOp class=&quot;idRef&quot;&gt;
                  &lt;srcLine&gt;6&lt;/srcLine&gt;
                  &lt;srcColumn&gt;14&lt;/srcColumn&gt;
                  &lt;idName&gt;i&lt;/idName]&gt;
                &lt;/...&gt; but was:&lt;...      &lt;value class=&quot;[recordElemSelect&quot;&gt;
          &lt;srcLine&gt;2&lt;/srcLine&gt;
          &lt;srcColumn&gt;29&lt;/srcColumn&gt;
        &lt;/value&gt;
      &lt;/valDef&gt;
      &lt;varDecl&gt;
        &lt;srcLine&gt;3&lt;/srcLine&gt;
        &lt;srcColumn&gt;1&lt;/srcColumn&gt;
        &lt;type class=&quot;floatType&quot; reference=&quot;../../valDef/type/elemType&quot;/&gt;
        &lt;name&gt;sum&lt;/name&gt;
        &lt;localBaseOffset&gt;0&lt;/localBaseOffset&gt;
      &lt;/varDecl&gt;
      &lt;varAssign&gt;
        &lt;srcLine&gt;4&lt;/srcLine&gt;
        &lt;srcColumn&gt;1&lt;/srcColumn&gt;
        &lt;identifier&gt;
          &lt;srcLine&gt;4&lt;/srcLine&gt;
          &lt;srcColumn&gt;1&lt;/srcColumn&gt;
          &lt;name&gt;sum&lt;/name&gt;
        &lt;/identifier&gt;
        &lt;value class=&quot;recordElemSelect&quot;&gt;
          &lt;srcLine&gt;4&lt;/srcLine&gt;
          &lt;srcColumn&gt;7&lt;/srcColumn&gt;
        &lt;/value&gt;
      &lt;/varAssign&gt;
      &lt;forEachLoop&gt;
        &lt;srcLine&gt;5&lt;/srcLine&gt;
        &lt;srcColumn&gt;1&lt;/srcColumn&gt;
        &lt;iterator&gt;
          &lt;srcLine&gt;5&lt;/srcLine&gt;
          &lt;srcColumn&gt;9&lt;/srcColumn&gt;
          &lt;type class=&quot;floatType&quot; reference=&quot;../../../valDef/type/elemType&quot;/&gt;
          &lt;name&gt;i&lt;/name&gt;
          &lt;localBaseOffset&gt;0&lt;/localBaseOffset&gt;
          &lt;isVariable&gt;false&lt;/isVariable&gt;
        &lt;/iterator&gt;
        &lt;struct class=&quot;matrixMul&quot;&gt;
          &lt;srcLine&gt;5&lt;/srcLine&gt;
          &lt;srcColumn&gt;23&lt;/srcColumn&gt;
          &lt;leftOp class=&quot;recordElemSelect&quot;&gt;
            &lt;srcLine&gt;5&lt;/srcLine&gt;
            &lt;srcColumn&gt;23&lt;/srcColumn&gt;
          &lt;/leftOp&gt;
          &lt;rightOp class=&quot;recordElemSelect&quot;&gt;
            &lt;srcLine&gt;5&lt;/srcLine&gt;
            &lt;srcColumn&gt;27&lt;/srcColumn&gt;
          &lt;/rightOp&gt;
        &lt;/struct&gt;
        &lt;body class=&quot;compoundStmt&quot;&gt;
          &lt;srcLine&gt;5&lt;/srcLine&gt;
          &lt;srcColumn&gt;30&lt;/srcColumn&gt;
          &lt;statements&gt;
            &lt;varAssign&gt;
              &lt;srcLine&gt;6&lt;/srcLine&gt;
              &lt;srcColumn&gt;2&lt;/srcColumn&gt;
              &lt;identifier&gt;
                &lt;srcLine&gt;6&lt;/srcLine&gt;
                &lt;srcColumn&gt;2&lt;/srcColumn&gt;
                &lt;name&gt;sum&lt;/name&gt;
              &lt;/identifier&gt;
              &lt;value class=&quot;addition&quot;&gt;
                &lt;srcLine&gt;6&lt;/srcLine&gt;
                &lt;srcColumn&gt;8&lt;/srcColumn&gt;
                &lt;leftOp class=&quot;recordElemSelect&quot;&gt;
                  &lt;srcLine&gt;6&lt;/srcLine&gt;
                  &lt;srcColumn&gt;8&lt;/srcColumn&gt;
                &lt;/leftOp&gt;
                &lt;rightOp class=&quot;recordElemSelect&quot;&gt;
                  &lt;srcLine&gt;6&lt;/srcLine&gt;
                  &lt;srcColumn&gt;14&lt;/srcColumn]&gt;
                &lt;/...&gt;
	at sun.reflect.NativeConstructorAccessorImpl.newInstance0(Native Method)
	at sun.reflect.NativeConstructorAccessorImpl.newInstance(NativeConstructorAccessorImpl.java:62)
	at sun.reflect.DelegatingConstructorAccessorImpl.newInstance(DelegatingConstructorAccessorImpl.java:45)
	at java.lang.reflect.Constructor.newInstance(Constructor.java:423)
	at org.xmlunit.matchers.CompareMatcher.createComparisonFailure(CompareMatcher.java:315)
	at org.xmlunit.matchers.CompareMatcher.createComparisonFailure(CompareMatcher.java:299)
	at org.xmlunit.matchers.CompareMatcher.matches(CompareMatcher.java:279)
	at org.hamcrest.MatcherAssert.assertThat(MatcherAssert.java:12)
	at org.junit.Assert.assertThat(Assert.java:956)
	at org.junit.Assert.assertThat(Assert.java:923)
	at mavlc.frontend.ast.ASTCompareTest.testExample(ASTCompareTest.java:69)
	at sun.reflect.NativeMethodAccessorImpl.invoke0(Native Method)
	at sun.reflect.NativeMethodAccessorImpl.invoke(NativeMethodAccessorImpl.java:62)
	at sun.reflect.DelegatingMethodAccessorImpl.invoke(DelegatingMethodAccessorImpl.java:43)
	at java.lang.reflect.Method.invoke(Method.java:498)
	at org.junit.runners.model.FrameworkMethod$1.runReflectiveCall(FrameworkMethod.java:50)
	at org.junit.internal.runners.model.ReflectiveCallable.run(ReflectiveCallable.java:12)
	at org.junit.runners.model.FrameworkMethod.invokeExplosively(FrameworkMethod.java:47)
	at org.junit.internal.runners.statements.InvokeMethod.evaluate(InvokeMethod.java:17)
	at org.junit.runners.ParentRunner.runLeaf(ParentRunner.java:325)
	at org.junit.runners.BlockJUnit4ClassRunner.runChild(BlockJUnit4ClassRunner.java:78)
	at org.junit.runners.BlockJUnit4ClassRunner.runChild(BlockJUnit4ClassRunner.java:57)
	at org.junit.runners.ParentRunner$3.run(ParentRunner.java:290)
	at org.junit.runners.ParentRunner$1.schedule(ParentRunner.java:71)
	at org.junit.runners.ParentRunner.runChildren(ParentRunner.java:288)
	at org.junit.runners.ParentRunner.access$000(ParentRunner.java:58)
	at org.junit.runners.ParentRunner$2.evaluate(ParentRunner.java:268)
	at org.junit.runners.ParentRunner.run(ParentRunner.java:363)
	at org.junit.runners.Suite.runChild(Suite.java:128)
	at org.junit.runners.Suite.runChild(Suite.java:27)
	at org.junit.runners.ParentRunner$3.run(ParentRunner.java:290)
	at org.junit.runners.ParentRunner$1.schedule(ParentRunner.java:71)
	at org.junit.runners.ParentRunner.runChildren(ParentRunner.java:288)
	at org.junit.runners.ParentRunner.access$000(ParentRunner.java:58)
	at org.junit.runners.ParentRunner$2.evaluate(ParentRunner.java:268)
	at org.junit.runners.ParentRunner.run(ParentRunner.java:363)
	at org.gradle.api.internal.tasks.testing.junit.JUnitTestClassExecuter.runTestClass(JUnitTestClassExecuter.java:114)
	at org.gradle.api.internal.tasks.testing.junit.JUnitTestClassExecuter.execute(JUnitTestClassExecuter.java:57)
	at org.gradle.api.internal.tasks.testing.junit.JUnitTestClassProcessor.processTestClass(JUnitTestClassProcessor.java:66)
	at org.gradle.api.internal.tasks.testing.SuiteTestClassProcessor.processTestClass(SuiteTestClassProcessor.java:51)
	at sun.reflect.NativeMethodAccessorImpl.invoke0(Native Method)
	at sun.reflect.NativeMethodAccessorImpl.invoke(NativeMethodAccessorImpl.java:62)
	at sun.reflect.DelegatingMethodAccessorImpl.invoke(DelegatingMethodAccessorImpl.java:43)
	at java.lang.reflect.Method.invoke(Method.java:498)
	at org.gradle.internal.dispatch.ReflectionDispatch.dispatch(ReflectionDispatch.java:35)
	at org.gradle.internal.dispatch.ReflectionDispatch.dispatch(ReflectionDispatch.java:24)
	at org.gradle.internal.dispatch.ContextClassLoaderDispatch.dispatch(ContextClassLoaderDispatch.java:32)
	at org.gradle.internal.dispatch.ProxyDispatchAdapter$DispatchingInvocationHandler.invoke(ProxyDispatchAdapter.java:93)
	at com.sun.proxy.$Proxy2.processTestClass(Unknown Source)
	at org.gradle.api.internal.tasks.testing.worker.TestWorker.processTestClass(TestWorker.java:109)
	at sun.reflect.NativeMethodAccessorImpl.invoke0(Native Method)
	at sun.reflect.NativeMethodAccessorImpl.invoke(NativeMethodAccessorImpl.java:62)
	at sun.reflect.DelegatingMethodAccessorImpl.invoke(DelegatingMethodAccessorImpl.java:43)
	at java.lang.reflect.Method.invoke(Method.java:498)
	at org.gradle.internal.dispatch.ReflectionDispatch.dispatch(ReflectionDispatch.java:35)
	at org.gradle.internal.dispatch.ReflectionDispatch.dispatch(ReflectionDispatch.java:24)
	at org.gradle.internal.remote.internal.hub.MessageHub$Handler.run(MessageHub.java:377)
	at org.gradle.internal.concurrent.ExecutorPolicy$CatchAndRecordFailures.onExecute(ExecutorPolicy.java:54)
	at org.gradle.internal.concurrent.StoppableExecutorImpl$1.run(StoppableExecutorImpl.java:40)
	at java.util.concurrent.ThreadPoolExecutor.runWorker(ThreadPoolExecutor.java:1142)
	at java.util.concurrent.ThreadPoolExecutor$Worker.run(ThreadPoolExecutor.java:617)
	at java.lang.Thread.run(Thread.java:745)
</failure>
  </testcase>
  <testcase name="testExample[var_declaration1]" classname="mavlc.frontend.ast.ASTCompareTest" time="0.094"/>
  <testcase name="testExample[var_assign1]" classname="mavlc.frontend.ast.ASTCompareTest" time="0.152">
    <failure message="org.junit.ComparisonFailure: Expected child nodelist length '3' but was '2' - comparing &lt;value...&gt; at /module[1]/function[1]/functionBody[1]/varAssign[1]/value[1] to &lt;value...&gt; at /module[1]/function[1]/functionBody[1]/varAssign[1]/value[1] expected:&lt;...      &lt;value class=&quot;[intVal&quot;&gt;&#10;          &lt;srcLine&gt;2&lt;/srcLine&gt;&#10;          &lt;srcColumn&gt;7&lt;/srcColumn&gt;&#10;          &lt;val&gt;21&lt;/val]&gt;&#10;        &lt;/value&gt;&#10; ...&gt; but was:&lt;...      &lt;value class=&quot;[recordElemSelect&quot;&gt;&#10;          &lt;srcLine&gt;2&lt;/srcLine&gt;&#10;          &lt;srcColumn&gt;7&lt;/srcColumn]&gt;&#10;        &lt;/value&gt;&#10; ...&gt;" type="org.junit.ComparisonFailure">org.junit.ComparisonFailure: Expected child nodelist length '3' but was '2' - comparing &lt;value...&gt; at /module[1]/function[1]/functionBody[1]/varAssign[1]/value[1] to &lt;value...&gt; at /module[1]/function[1]/functionBody[1]/varAssign[1]/value[1] expected:&lt;...      &lt;value class=&quot;[intVal&quot;&gt;
          &lt;srcLine&gt;2&lt;/srcLine&gt;
          &lt;srcColumn&gt;7&lt;/srcColumn&gt;
          &lt;val&gt;21&lt;/val]&gt;
        &lt;/value&gt;
 ...&gt; but was:&lt;...      &lt;value class=&quot;[recordElemSelect&quot;&gt;
          &lt;srcLine&gt;2&lt;/srcLine&gt;
          &lt;srcColumn&gt;7&lt;/srcColumn]&gt;
        &lt;/value&gt;
 ...&gt;
	at sun.reflect.NativeConstructorAccessorImpl.newInstance0(Native Method)
	at sun.reflect.NativeConstructorAccessorImpl.newInstance(NativeConstructorAccessorImpl.java:62)
	at sun.reflect.DelegatingConstructorAccessorImpl.newInstance(DelegatingConstructorAccessorImpl.java:45)
	at java.lang.reflect.Constructor.newInstance(Constructor.java:423)
	at org.xmlunit.matchers.CompareMatcher.createComparisonFailure(CompareMatcher.java:315)
	at org.xmlunit.matchers.CompareMatcher.createComparisonFailure(CompareMatcher.java:299)
	at org.xmlunit.matchers.CompareMatcher.matches(CompareMatcher.java:279)
	at org.hamcrest.MatcherAssert.assertThat(MatcherAssert.java:12)
	at org.junit.Assert.assertThat(Assert.java:956)
	at org.junit.Assert.assertThat(Assert.java:923)
	at mavlc.frontend.ast.ASTCompareTest.testExample(ASTCompareTest.java:69)
	at sun.reflect.NativeMethodAccessorImpl.invoke0(Native Method)
	at sun.reflect.NativeMethodAccessorImpl.invoke(NativeMethodAccessorImpl.java:62)
	at sun.reflect.DelegatingMethodAccessorImpl.invoke(DelegatingMethodAccessorImpl.java:43)
	at java.lang.reflect.Method.invoke(Method.java:498)
	at org.junit.runners.model.FrameworkMethod$1.runReflectiveCall(FrameworkMethod.java:50)
	at org.junit.internal.runners.model.ReflectiveCallable.run(ReflectiveCallable.java:12)
	at org.junit.runners.model.FrameworkMethod.invokeExplosively(FrameworkMethod.java:47)
	at org.junit.internal.runners.statements.InvokeMethod.evaluate(InvokeMethod.java:17)
	at org.junit.runners.ParentRunner.runLeaf(ParentRunner.java:325)
	at org.junit.runners.BlockJUnit4ClassRunner.runChild(BlockJUnit4ClassRunner.java:78)
	at org.junit.runners.BlockJUnit4ClassRunner.runChild(BlockJUnit4ClassRunner.java:57)
	at org.junit.runners.ParentRunner$3.run(ParentRunner.java:290)
	at org.junit.runners.ParentRunner$1.schedule(ParentRunner.java:71)
	at org.junit.runners.ParentRunner.runChildren(ParentRunner.java:288)
	at org.junit.runners.ParentRunner.access$000(ParentRunner.java:58)
	at org.junit.runners.ParentRunner$2.evaluate(ParentRunner.java:268)
	at org.junit.runners.ParentRunner.run(ParentRunner.java:363)
	at org.junit.runners.Suite.runChild(Suite.java:128)
	at org.junit.runners.Suite.runChild(Suite.java:27)
	at org.junit.runners.ParentRunner$3.run(ParentRunner.java:290)
	at org.junit.runners.ParentRunner$1.schedule(ParentRunner.java:71)
	at org.junit.runners.ParentRunner.runChildren(ParentRunner.java:288)
	at org.junit.runners.ParentRunner.access$000(ParentRunner.java:58)
	at org.junit.runners.ParentRunner$2.evaluate(ParentRunner.java:268)
	at org.junit.runners.ParentRunner.run(ParentRunner.java:363)
	at org.gradle.api.internal.tasks.testing.junit.JUnitTestClassExecuter.runTestClass(JUnitTestClassExecuter.java:114)
	at org.gradle.api.internal.tasks.testing.junit.JUnitTestClassExecuter.execute(JUnitTestClassExecuter.java:57)
	at org.gradle.api.internal.tasks.testing.junit.JUnitTestClassProcessor.processTestClass(JUnitTestClassProcessor.java:66)
	at org.gradle.api.internal.tasks.testing.SuiteTestClassProcessor.processTestClass(SuiteTestClassProcessor.java:51)
	at sun.reflect.NativeMethodAccessorImpl.invoke0(Native Method)
	at sun.reflect.NativeMethodAccessorImpl.invoke(NativeMethodAccessorImpl.java:62)
	at sun.reflect.DelegatingMethodAccessorImpl.invoke(DelegatingMethodAccessorImpl.java:43)
	at java.lang.reflect.Method.invoke(Method.java:498)
	at org.gradle.internal.dispatch.ReflectionDispatch.dispatch(ReflectionDispatch.java:35)
	at org.gradle.internal.dispatch.ReflectionDispatch.dispatch(ReflectionDispatch.java:24)
	at org.gradle.internal.dispatch.ContextClassLoaderDispatch.dispatch(ContextClassLoaderDispatch.java:32)
	at org.gradle.internal.dispatch.ProxyDispatchAdapter$DispatchingInvocationHandler.invoke(ProxyDispatchAdapter.java:93)
	at com.sun.proxy.$Proxy2.processTestClass(Unknown Source)
	at org.gradle.api.internal.tasks.testing.worker.TestWorker.processTestClass(TestWorker.java:109)
	at sun.reflect.NativeMethodAccessorImpl.invoke0(Native Method)
	at sun.reflect.NativeMethodAccessorImpl.invoke(NativeMethodAccessorImpl.java:62)
	at sun.reflect.DelegatingMethodAccessorImpl.invoke(DelegatingMethodAccessorImpl.java:43)
	at java.lang.reflect.Method.invoke(Method.java:498)
	at org.gradle.internal.dispatch.ReflectionDispatch.dispatch(ReflectionDispatch.java:35)
	at org.gradle.internal.dispatch.ReflectionDispatch.dispatch(ReflectionDispatch.java:24)
	at org.gradle.internal.remote.internal.hub.MessageHub$Handler.run(MessageHub.java:377)
	at org.gradle.internal.concurrent.ExecutorPolicy$CatchAndRecordFailures.onExecute(ExecutorPolicy.java:54)
	at org.gradle.internal.concurrent.StoppableExecutorImpl$1.run(StoppableExecutorImpl.java:40)
	at java.util.concurrent.ThreadPoolExecutor.runWorker(ThreadPoolExecutor.java:1142)
	at java.util.concurrent.ThreadPoolExecutor$Worker.run(ThreadPoolExecutor.java:617)
	at java.lang.Thread.run(Thread.java:745)
</failure>
  </testcase>
  <testcase name="testExample[value_definition1]" classname="mavlc.frontend.ast.ASTCompareTest" time="0.109">
    <failure message="org.junit.ComparisonFailure: Expected child nodelist length '3' but was '2' - comparing &lt;value...&gt; at /module[1]/function[1]/functionBody[1]/valDef[1]/value[1] to &lt;value...&gt; at /module[1]/function[1]/functionBody[1]/valDef[1]/value[1] expected:&lt;...      &lt;value class=&quot;[floatVal&quot;&gt;&#10;          &lt;srcLine&gt;2&lt;/srcLine&gt;&#10;          &lt;srcColumn&gt;16&lt;/srcColumn&gt;&#10;          &lt;val&gt;3.142&lt;/val]&gt;&#10;        &lt;/value&gt;&#10; ...&gt; but was:&lt;...      &lt;value class=&quot;[recordElemSelect&quot;&gt;&#10;          &lt;srcLine&gt;2&lt;/srcLine&gt;&#10;          &lt;srcColumn&gt;16&lt;/srcColumn]&gt;&#10;        &lt;/value&gt;&#10; ...&gt;" type="org.junit.ComparisonFailure">org.junit.ComparisonFailure: Expected child nodelist length '3' but was '2' - comparing &lt;value...&gt; at /module[1]/function[1]/functionBody[1]/valDef[1]/value[1] to &lt;value...&gt; at /module[1]/function[1]/functionBody[1]/valDef[1]/value[1] expected:&lt;...      &lt;value class=&quot;[floatVal&quot;&gt;
          &lt;srcLine&gt;2&lt;/srcLine&gt;
          &lt;srcColumn&gt;16&lt;/srcColumn&gt;
          &lt;val&gt;3.142&lt;/val]&gt;
        &lt;/value&gt;
 ...&gt; but was:&lt;...      &lt;value class=&quot;[recordElemSelect&quot;&gt;
          &lt;srcLine&gt;2&lt;/srcLine&gt;
          &lt;srcColumn&gt;16&lt;/srcColumn]&gt;
        &lt;/value&gt;
 ...&gt;
	at sun.reflect.NativeConstructorAccessorImpl.newInstance0(Native Method)
	at sun.reflect.NativeConstructorAccessorImpl.newInstance(NativeConstructorAccessorImpl.java:62)
	at sun.reflect.DelegatingConstructorAccessorImpl.newInstance(DelegatingConstructorAccessorImpl.java:45)
	at java.lang.reflect.Constructor.newInstance(Constructor.java:423)
	at org.xmlunit.matchers.CompareMatcher.createComparisonFailure(CompareMatcher.java:315)
	at org.xmlunit.matchers.CompareMatcher.createComparisonFailure(CompareMatcher.java:299)
	at org.xmlunit.matchers.CompareMatcher.matches(CompareMatcher.java:279)
	at org.hamcrest.MatcherAssert.assertThat(MatcherAssert.java:12)
	at org.junit.Assert.assertThat(Assert.java:956)
	at org.junit.Assert.assertThat(Assert.java:923)
	at mavlc.frontend.ast.ASTCompareTest.testExample(ASTCompareTest.java:69)
	at sun.reflect.NativeMethodAccessorImpl.invoke0(Native Method)
	at sun.reflect.NativeMethodAccessorImpl.invoke(NativeMethodAccessorImpl.java:62)
	at sun.reflect.DelegatingMethodAccessorImpl.invoke(DelegatingMethodAccessorImpl.java:43)
	at java.lang.reflect.Method.invoke(Method.java:498)
	at org.junit.runners.model.FrameworkMethod$1.runReflectiveCall(FrameworkMethod.java:50)
	at org.junit.internal.runners.model.ReflectiveCallable.run(ReflectiveCallable.java:12)
	at org.junit.runners.model.FrameworkMethod.invokeExplosively(FrameworkMethod.java:47)
	at org.junit.internal.runners.statements.InvokeMethod.evaluate(InvokeMethod.java:17)
	at org.junit.runners.ParentRunner.runLeaf(ParentRunner.java:325)
	at org.junit.runners.BlockJUnit4ClassRunner.runChild(BlockJUnit4ClassRunner.java:78)
	at org.junit.runners.BlockJUnit4ClassRunner.runChild(BlockJUnit4ClassRunner.java:57)
	at org.junit.runners.ParentRunner$3.run(ParentRunner.java:290)
	at org.junit.runners.ParentRunner$1.schedule(ParentRunner.java:71)
	at org.junit.runners.ParentRunner.runChildren(ParentRunner.java:288)
	at org.junit.runners.ParentRunner.access$000(ParentRunner.java:58)
	at org.junit.runners.ParentRunner$2.evaluate(ParentRunner.java:268)
	at org.junit.runners.ParentRunner.run(ParentRunner.java:363)
	at org.junit.runners.Suite.runChild(Suite.java:128)
	at org.junit.runners.Suite.runChild(Suite.java:27)
	at org.junit.runners.ParentRunner$3.run(ParentRunner.java:290)
	at org.junit.runners.ParentRunner$1.schedule(ParentRunner.java:71)
	at org.junit.runners.ParentRunner.runChildren(ParentRunner.java:288)
	at org.junit.runners.ParentRunner.access$000(ParentRunner.java:58)
	at org.junit.runners.ParentRunner$2.evaluate(ParentRunner.java:268)
	at org.junit.runners.ParentRunner.run(ParentRunner.java:363)
	at org.gradle.api.internal.tasks.testing.junit.JUnitTestClassExecuter.runTestClass(JUnitTestClassExecuter.java:114)
	at org.gradle.api.internal.tasks.testing.junit.JUnitTestClassExecuter.execute(JUnitTestClassExecuter.java:57)
	at org.gradle.api.internal.tasks.testing.junit.JUnitTestClassProcessor.processTestClass(JUnitTestClassProcessor.java:66)
	at org.gradle.api.internal.tasks.testing.SuiteTestClassProcessor.processTestClass(SuiteTestClassProcessor.java:51)
	at sun.reflect.NativeMethodAccessorImpl.invoke0(Native Method)
	at sun.reflect.NativeMethodAccessorImpl.invoke(NativeMethodAccessorImpl.java:62)
	at sun.reflect.DelegatingMethodAccessorImpl.invoke(DelegatingMethodAccessorImpl.java:43)
	at java.lang.reflect.Method.invoke(Method.java:498)
	at org.gradle.internal.dispatch.ReflectionDispatch.dispatch(ReflectionDispatch.java:35)
	at org.gradle.internal.dispatch.ReflectionDispatch.dispatch(ReflectionDispatch.java:24)
	at org.gradle.internal.dispatch.ContextClassLoaderDispatch.dispatch(ContextClassLoaderDispatch.java:32)
	at org.gradle.internal.dispatch.ProxyDispatchAdapter$DispatchingInvocationHandler.invoke(ProxyDispatchAdapter.java:93)
	at com.sun.proxy.$Proxy2.processTestClass(Unknown Source)
	at org.gradle.api.internal.tasks.testing.worker.TestWorker.processTestClass(TestWorker.java:109)
	at sun.reflect.NativeMethodAccessorImpl.invoke0(Native Method)
	at sun.reflect.NativeMethodAccessorImpl.invoke(NativeMethodAccessorImpl.java:62)
	at sun.reflect.DelegatingMethodAccessorImpl.invoke(DelegatingMethodAccessorImpl.java:43)
	at java.lang.reflect.Method.invoke(Method.java:498)
	at org.gradle.internal.dispatch.ReflectionDispatch.dispatch(ReflectionDispatch.java:35)
	at org.gradle.internal.dispatch.ReflectionDispatch.dispatch(ReflectionDispatch.java:24)
	at org.gradle.internal.remote.internal.hub.MessageHub$Handler.run(MessageHub.java:377)
	at org.gradle.internal.concurrent.ExecutorPolicy$CatchAndRecordFailures.onExecute(ExecutorPolicy.java:54)
	at org.gradle.internal.concurrent.StoppableExecutorImpl$1.run(StoppableExecutorImpl.java:40)
	at java.util.concurrent.ThreadPoolExecutor.runWorker(ThreadPoolExecutor.java:1142)
	at java.util.concurrent.ThreadPoolExecutor$Worker.run(ThreadPoolExecutor.java:617)
	at java.lang.Thread.run(Thread.java:745)
</failure>
  </testcase>
  <testcase name="testExample[record5]" classname="mavlc.frontend.ast.ASTCompareTest" time="0.095">
    <failure message="Syntax error in line 2, column 10&#10;Got token &lt;SEMICOLON ;&gt; but expected one of SEMICOLON, VAL, VAR" type="mavlc.error_reporting.SyntaxError">Syntax error in line 2, column 10
Got token &lt;SEMICOLON ;&gt; but expected one of SEMICOLON, VAL, VAR
	at mavlc.parser.recursive_descent.Parser.parseRecordElementDeclaration(Parser.java:178)
	at mavlc.parser.recursive_descent.Parser.parseRecordTypeDeclaration(Parser.java:152)
	at mavlc.parser.recursive_descent.Parser.parse(Parser.java:73)
	at mavlc.Main.main(Main.java:102)
	at mavlc.frontend.ast.ASTCompareTest.testExample(ASTCompareTest.java:68)
	at sun.reflect.NativeMethodAccessorImpl.invoke0(Native Method)
	at sun.reflect.NativeMethodAccessorImpl.invoke(NativeMethodAccessorImpl.java:62)
	at sun.reflect.DelegatingMethodAccessorImpl.invoke(DelegatingMethodAccessorImpl.java:43)
	at java.lang.reflect.Method.invoke(Method.java:498)
	at org.junit.runners.model.FrameworkMethod$1.runReflectiveCall(FrameworkMethod.java:50)
	at org.junit.internal.runners.model.ReflectiveCallable.run(ReflectiveCallable.java:12)
	at org.junit.runners.model.FrameworkMethod.invokeExplosively(FrameworkMethod.java:47)
	at org.junit.internal.runners.statements.InvokeMethod.evaluate(InvokeMethod.java:17)
	at org.junit.runners.ParentRunner.runLeaf(ParentRunner.java:325)
	at org.junit.runners.BlockJUnit4ClassRunner.runChild(BlockJUnit4ClassRunner.java:78)
	at org.junit.runners.BlockJUnit4ClassRunner.runChild(BlockJUnit4ClassRunner.java:57)
	at org.junit.runners.ParentRunner$3.run(ParentRunner.java:290)
	at org.junit.runners.ParentRunner$1.schedule(ParentRunner.java:71)
	at org.junit.runners.ParentRunner.runChildren(ParentRunner.java:288)
	at org.junit.runners.ParentRunner.access$000(ParentRunner.java:58)
	at org.junit.runners.ParentRunner$2.evaluate(ParentRunner.java:268)
	at org.junit.runners.ParentRunner.run(ParentRunner.java:363)
	at org.junit.runners.Suite.runChild(Suite.java:128)
	at org.junit.runners.Suite.runChild(Suite.java:27)
	at org.junit.runners.ParentRunner$3.run(ParentRunner.java:290)
	at org.junit.runners.ParentRunner$1.schedule(ParentRunner.java:71)
	at org.junit.runners.ParentRunner.runChildren(ParentRunner.java:288)
	at org.junit.runners.ParentRunner.access$000(ParentRunner.java:58)
	at org.junit.runners.ParentRunner$2.evaluate(ParentRunner.java:268)
	at org.junit.runners.ParentRunner.run(ParentRunner.java:363)
	at org.gradle.api.internal.tasks.testing.junit.JUnitTestClassExecuter.runTestClass(JUnitTestClassExecuter.java:114)
	at org.gradle.api.internal.tasks.testing.junit.JUnitTestClassExecuter.execute(JUnitTestClassExecuter.java:57)
	at org.gradle.api.internal.tasks.testing.junit.JUnitTestClassProcessor.processTestClass(JUnitTestClassProcessor.java:66)
	at org.gradle.api.internal.tasks.testing.SuiteTestClassProcessor.processTestClass(SuiteTestClassProcessor.java:51)
	at sun.reflect.NativeMethodAccessorImpl.invoke0(Native Method)
	at sun.reflect.NativeMethodAccessorImpl.invoke(NativeMethodAccessorImpl.java:62)
	at sun.reflect.DelegatingMethodAccessorImpl.invoke(DelegatingMethodAccessorImpl.java:43)
	at java.lang.reflect.Method.invoke(Method.java:498)
	at org.gradle.internal.dispatch.ReflectionDispatch.dispatch(ReflectionDispatch.java:35)
	at org.gradle.internal.dispatch.ReflectionDispatch.dispatch(ReflectionDispatch.java:24)
	at org.gradle.internal.dispatch.ContextClassLoaderDispatch.dispatch(ContextClassLoaderDispatch.java:32)
	at org.gradle.internal.dispatch.ProxyDispatchAdapter$DispatchingInvocationHandler.invoke(ProxyDispatchAdapter.java:93)
	at com.sun.proxy.$Proxy2.processTestClass(Unknown Source)
	at org.gradle.api.internal.tasks.testing.worker.TestWorker.processTestClass(TestWorker.java:109)
	at sun.reflect.NativeMethodAccessorImpl.invoke0(Native Method)
	at sun.reflect.NativeMethodAccessorImpl.invoke(NativeMethodAccessorImpl.java:62)
	at sun.reflect.DelegatingMethodAccessorImpl.invoke(DelegatingMethodAccessorImpl.java:43)
	at java.lang.reflect.Method.invoke(Method.java:498)
	at org.gradle.internal.dispatch.ReflectionDispatch.dispatch(ReflectionDispatch.java:35)
	at org.gradle.internal.dispatch.ReflectionDispatch.dispatch(ReflectionDispatch.java:24)
	at org.gradle.internal.remote.internal.hub.MessageHub$Handler.run(MessageHub.java:377)
	at org.gradle.internal.concurrent.ExecutorPolicy$CatchAndRecordFailures.onExecute(ExecutorPolicy.java:54)
	at org.gradle.internal.concurrent.StoppableExecutorImpl$1.run(StoppableExecutorImpl.java:40)
	at java.util.concurrent.ThreadPoolExecutor.runWorker(ThreadPoolExecutor.java:1142)
	at java.util.concurrent.ThreadPoolExecutor$Worker.run(ThreadPoolExecutor.java:617)
	at java.lang.Thread.run(Thread.java:745)
</failure>
  </testcase>
  <testcase name="testExample[record9]" classname="mavlc.frontend.ast.ASTCompareTest" time="0.064">
    <failure message="Syntax error in line 6, column 10&#10;Got token &lt;SEMICOLON ;&gt; but expected one of SEMICOLON, VAL, VAR" type="mavlc.error_reporting.SyntaxError">Syntax error in line 6, column 10
Got token &lt;SEMICOLON ;&gt; but expected one of SEMICOLON, VAL, VAR
	at mavlc.parser.recursive_descent.Parser.parseRecordElementDeclaration(Parser.java:178)
	at mavlc.parser.recursive_descent.Parser.parseRecordTypeDeclaration(Parser.java:152)
	at mavlc.parser.recursive_descent.Parser.parse(Parser.java:73)
	at mavlc.Main.main(Main.java:102)
	at mavlc.frontend.ast.ASTCompareTest.testExample(ASTCompareTest.java:68)
	at sun.reflect.NativeMethodAccessorImpl.invoke0(Native Method)
	at sun.reflect.NativeMethodAccessorImpl.invoke(NativeMethodAccessorImpl.java:62)
	at sun.reflect.DelegatingMethodAccessorImpl.invoke(DelegatingMethodAccessorImpl.java:43)
	at java.lang.reflect.Method.invoke(Method.java:498)
	at org.junit.runners.model.FrameworkMethod$1.runReflectiveCall(FrameworkMethod.java:50)
	at org.junit.internal.runners.model.ReflectiveCallable.run(ReflectiveCallable.java:12)
	at org.junit.runners.model.FrameworkMethod.invokeExplosively(FrameworkMethod.java:47)
	at org.junit.internal.runners.statements.InvokeMethod.evaluate(InvokeMethod.java:17)
	at org.junit.runners.ParentRunner.runLeaf(ParentRunner.java:325)
	at org.junit.runners.BlockJUnit4ClassRunner.runChild(BlockJUnit4ClassRunner.java:78)
	at org.junit.runners.BlockJUnit4ClassRunner.runChild(BlockJUnit4ClassRunner.java:57)
	at org.junit.runners.ParentRunner$3.run(ParentRunner.java:290)
	at org.junit.runners.ParentRunner$1.schedule(ParentRunner.java:71)
	at org.junit.runners.ParentRunner.runChildren(ParentRunner.java:288)
	at org.junit.runners.ParentRunner.access$000(ParentRunner.java:58)
	at org.junit.runners.ParentRunner$2.evaluate(ParentRunner.java:268)
	at org.junit.runners.ParentRunner.run(ParentRunner.java:363)
	at org.junit.runners.Suite.runChild(Suite.java:128)
	at org.junit.runners.Suite.runChild(Suite.java:27)
	at org.junit.runners.ParentRunner$3.run(ParentRunner.java:290)
	at org.junit.runners.ParentRunner$1.schedule(ParentRunner.java:71)
	at org.junit.runners.ParentRunner.runChildren(ParentRunner.java:288)
	at org.junit.runners.ParentRunner.access$000(ParentRunner.java:58)
	at org.junit.runners.ParentRunner$2.evaluate(ParentRunner.java:268)
	at org.junit.runners.ParentRunner.run(ParentRunner.java:363)
	at org.gradle.api.internal.tasks.testing.junit.JUnitTestClassExecuter.runTestClass(JUnitTestClassExecuter.java:114)
	at org.gradle.api.internal.tasks.testing.junit.JUnitTestClassExecuter.execute(JUnitTestClassExecuter.java:57)
	at org.gradle.api.internal.tasks.testing.junit.JUnitTestClassProcessor.processTestClass(JUnitTestClassProcessor.java:66)
	at org.gradle.api.internal.tasks.testing.SuiteTestClassProcessor.processTestClass(SuiteTestClassProcessor.java:51)
	at sun.reflect.NativeMethodAccessorImpl.invoke0(Native Method)
	at sun.reflect.NativeMethodAccessorImpl.invoke(NativeMethodAccessorImpl.java:62)
	at sun.reflect.DelegatingMethodAccessorImpl.invoke(DelegatingMethodAccessorImpl.java:43)
	at java.lang.reflect.Method.invoke(Method.java:498)
	at org.gradle.internal.dispatch.ReflectionDispatch.dispatch(ReflectionDispatch.java:35)
	at org.gradle.internal.dispatch.ReflectionDispatch.dispatch(ReflectionDispatch.java:24)
	at org.gradle.internal.dispatch.ContextClassLoaderDispatch.dispatch(ContextClassLoaderDispatch.java:32)
	at org.gradle.internal.dispatch.ProxyDispatchAdapter$DispatchingInvocationHandler.invoke(ProxyDispatchAdapter.java:93)
	at com.sun.proxy.$Proxy2.processTestClass(Unknown Source)
	at org.gradle.api.internal.tasks.testing.worker.TestWorker.processTestClass(TestWorker.java:109)
	at sun.reflect.NativeMethodAccessorImpl.invoke0(Native Method)
	at sun.reflect.NativeMethodAccessorImpl.invoke(NativeMethodAccessorImpl.java:62)
	at sun.reflect.DelegatingMethodAccessorImpl.invoke(DelegatingMethodAccessorImpl.java:43)
	at java.lang.reflect.Method.invoke(Method.java:498)
	at org.gradle.internal.dispatch.ReflectionDispatch.dispatch(ReflectionDispatch.java:35)
	at org.gradle.internal.dispatch.ReflectionDispatch.dispatch(ReflectionDispatch.java:24)
	at org.gradle.internal.remote.internal.hub.MessageHub$Handler.run(MessageHub.java:377)
	at org.gradle.internal.concurrent.ExecutorPolicy$CatchAndRecordFailures.onExecute(ExecutorPolicy.java:54)
	at org.gradle.internal.concurrent.StoppableExecutorImpl$1.run(StoppableExecutorImpl.java:40)
	at java.util.concurrent.ThreadPoolExecutor.runWorker(ThreadPoolExecutor.java:1142)
	at java.util.concurrent.ThreadPoolExecutor$Worker.run(ThreadPoolExecutor.java:617)
	at java.lang.Thread.run(Thread.java:745)
</failure>
  </testcase>
  <testcase name="testExample[record8]" classname="mavlc.frontend.ast.ASTCompareTest" time="0.055">
    <failure message="Syntax error in line 2, column 10&#10;Got token &lt;SEMICOLON ;&gt; but expected one of SEMICOLON, VAL, VAR" type="mavlc.error_reporting.SyntaxError">Syntax error in line 2, column 10
Got token &lt;SEMICOLON ;&gt; but expected one of SEMICOLON, VAL, VAR
	at mavlc.parser.recursive_descent.Parser.parseRecordElementDeclaration(Parser.java:178)
	at mavlc.parser.recursive_descent.Parser.parseRecordTypeDeclaration(Parser.java:152)
	at mavlc.parser.recursive_descent.Parser.parse(Parser.java:73)
	at mavlc.Main.main(Main.java:102)
	at mavlc.frontend.ast.ASTCompareTest.testExample(ASTCompareTest.java:68)
	at sun.reflect.NativeMethodAccessorImpl.invoke0(Native Method)
	at sun.reflect.NativeMethodAccessorImpl.invoke(NativeMethodAccessorImpl.java:62)
	at sun.reflect.DelegatingMethodAccessorImpl.invoke(DelegatingMethodAccessorImpl.java:43)
	at java.lang.reflect.Method.invoke(Method.java:498)
	at org.junit.runners.model.FrameworkMethod$1.runReflectiveCall(FrameworkMethod.java:50)
	at org.junit.internal.runners.model.ReflectiveCallable.run(ReflectiveCallable.java:12)
	at org.junit.runners.model.FrameworkMethod.invokeExplosively(FrameworkMethod.java:47)
	at org.junit.internal.runners.statements.InvokeMethod.evaluate(InvokeMethod.java:17)
	at org.junit.runners.ParentRunner.runLeaf(ParentRunner.java:325)
	at org.junit.runners.BlockJUnit4ClassRunner.runChild(BlockJUnit4ClassRunner.java:78)
	at org.junit.runners.BlockJUnit4ClassRunner.runChild(BlockJUnit4ClassRunner.java:57)
	at org.junit.runners.ParentRunner$3.run(ParentRunner.java:290)
	at org.junit.runners.ParentRunner$1.schedule(ParentRunner.java:71)
	at org.junit.runners.ParentRunner.runChildren(ParentRunner.java:288)
	at org.junit.runners.ParentRunner.access$000(ParentRunner.java:58)
	at org.junit.runners.ParentRunner$2.evaluate(ParentRunner.java:268)
	at org.junit.runners.ParentRunner.run(ParentRunner.java:363)
	at org.junit.runners.Suite.runChild(Suite.java:128)
	at org.junit.runners.Suite.runChild(Suite.java:27)
	at org.junit.runners.ParentRunner$3.run(ParentRunner.java:290)
	at org.junit.runners.ParentRunner$1.schedule(ParentRunner.java:71)
	at org.junit.runners.ParentRunner.runChildren(ParentRunner.java:288)
	at org.junit.runners.ParentRunner.access$000(ParentRunner.java:58)
	at org.junit.runners.ParentRunner$2.evaluate(ParentRunner.java:268)
	at org.junit.runners.ParentRunner.run(ParentRunner.java:363)
	at org.gradle.api.internal.tasks.testing.junit.JUnitTestClassExecuter.runTestClass(JUnitTestClassExecuter.java:114)
	at org.gradle.api.internal.tasks.testing.junit.JUnitTestClassExecuter.execute(JUnitTestClassExecuter.java:57)
	at org.gradle.api.internal.tasks.testing.junit.JUnitTestClassProcessor.processTestClass(JUnitTestClassProcessor.java:66)
	at org.gradle.api.internal.tasks.testing.SuiteTestClassProcessor.processTestClass(SuiteTestClassProcessor.java:51)
	at sun.reflect.NativeMethodAccessorImpl.invoke0(Native Method)
	at sun.reflect.NativeMethodAccessorImpl.invoke(NativeMethodAccessorImpl.java:62)
	at sun.reflect.DelegatingMethodAccessorImpl.invoke(DelegatingMethodAccessorImpl.java:43)
	at java.lang.reflect.Method.invoke(Method.java:498)
	at org.gradle.internal.dispatch.ReflectionDispatch.dispatch(ReflectionDispatch.java:35)
	at org.gradle.internal.dispatch.ReflectionDispatch.dispatch(ReflectionDispatch.java:24)
	at org.gradle.internal.dispatch.ContextClassLoaderDispatch.dispatch(ContextClassLoaderDispatch.java:32)
	at org.gradle.internal.dispatch.ProxyDispatchAdapter$DispatchingInvocationHandler.invoke(ProxyDispatchAdapter.java:93)
	at com.sun.proxy.$Proxy2.processTestClass(Unknown Source)
	at org.gradle.api.internal.tasks.testing.worker.TestWorker.processTestClass(TestWorker.java:109)
	at sun.reflect.NativeMethodAccessorImpl.invoke0(Native Method)
	at sun.reflect.NativeMethodAccessorImpl.invoke(NativeMethodAccessorImpl.java:62)
	at sun.reflect.DelegatingMethodAccessorImpl.invoke(DelegatingMethodAccessorImpl.java:43)
	at java.lang.reflect.Method.invoke(Method.java:498)
	at org.gradle.internal.dispatch.ReflectionDispatch.dispatch(ReflectionDispatch.java:35)
	at org.gradle.internal.dispatch.ReflectionDispatch.dispatch(ReflectionDispatch.java:24)
	at org.gradle.internal.remote.internal.hub.MessageHub$Handler.run(MessageHub.java:377)
	at org.gradle.internal.concurrent.ExecutorPolicy$CatchAndRecordFailures.onExecute(ExecutorPolicy.java:54)
	at org.gradle.internal.concurrent.StoppableExecutorImpl$1.run(StoppableExecutorImpl.java:40)
	at java.util.concurrent.ThreadPoolExecutor.runWorker(ThreadPoolExecutor.java:1142)
	at java.util.concurrent.ThreadPoolExecutor$Worker.run(ThreadPoolExecutor.java:617)
	at java.lang.Thread.run(Thread.java:745)
</failure>
  </testcase>
  <testcase name="testExample[Select5]" classname="mavlc.frontend.ast.ASTCompareTest" time="0.107">
    <failure message="org.junit.ComparisonFailure: Expected child nodelist length '5' but was '2' - comparing &lt;condition...&gt; at /module[1]/function[1]/functionBody[1]/valDef[1]/value[1]/condition[1] to &lt;condition...&gt; at /module[1]/function[1]/functionBody[1]/valDef[1]/value[1]/condition[1] expected:&lt;...  &lt;condition class=&quot;[select&quot;&gt;&#10;            &lt;srcLine&gt;2&lt;/srcLine&gt;&#10;            &lt;srcColumn&gt;17&lt;/srcColumn&gt;&#10;            &lt;condition class=&quot;compare&quot;&gt;&#10;              &lt;srcLine&gt;2&lt;/srcLine&gt;&#10;              &lt;srcColumn&gt;17&lt;/srcColumn&gt;&#10;              &lt;leftOp class=&quot;idRef&quot;&gt;&#10;                &lt;srcLine&gt;2&lt;/srcLine&gt;&#10;                &lt;srcColumn&gt;17&lt;/srcColumn&gt;&#10;                &lt;idName&gt;a&lt;/idName&gt;&#10;              &lt;/leftOp&gt;&#10;              &lt;rightOp class=&quot;idRef&quot;&gt;&#10;                &lt;srcLine&gt;2&lt;/srcLine&gt;&#10;                &lt;srcColumn&gt;19&lt;/srcColumn&gt;&#10;                &lt;idName&gt;d&lt;/idName&gt;&#10;              &lt;/rightOp&gt;&#10;              &lt;comparator&gt;LESS&lt;/comparator&gt;&#10;            &lt;/condition&gt;&#10;            &lt;trueCase class=&quot;compare&quot;&gt;&#10;              &lt;srcLine&gt;2&lt;/srcLine&gt;&#10;              &lt;srcColumn&gt;22&lt;/srcColumn&gt;&#10;              &lt;leftOp class=&quot;idRef&quot;&gt;&#10;                &lt;srcLine&gt;2&lt;/srcLine&gt;&#10;                &lt;srcColumn&gt;22&lt;/srcColumn&gt;&#10;                &lt;idName&gt;a&lt;/idName&gt;&#10;              &lt;/leftOp&gt;&#10;              &lt;rightOp class=&quot;idRef&quot;&gt;&#10;                &lt;srcLine&gt;2&lt;/srcLine&gt;&#10;                &lt;srcColumn&gt;24&lt;/srcColumn&gt;&#10;                &lt;idName&gt;d&lt;/idName&gt;&#10;              &lt;/rightOp&gt;&#10;              &lt;comparator&gt;GREATER&lt;/comparator&gt;&#10;            &lt;/trueCase&gt;&#10;            &lt;falseCase class=&quot;idRef&quot;&gt;&#10;              &lt;srcLine&gt;2&lt;/srcLine&gt;&#10;              &lt;srcColumn&gt;28&lt;/srcColumn&gt;&#10;              &lt;idName&gt;i&lt;/idName&gt;&#10;            &lt;/falseCase&gt;&#10;          &lt;/condition&gt;&#10;          &lt;trueCase class=&quot;idRef&quot;&gt;&#10;            &lt;srcLine&gt;2&lt;/srcLine&gt;&#10;            &lt;srcColumn&gt;33&lt;/srcColumn&gt;&#10;            &lt;idName&gt;a&lt;/idName&gt;&#10;          &lt;/trueCase&gt;&#10;          &lt;falseCase class=&quot;idRef&quot;&gt;&#10;            &lt;srcLine&gt;2&lt;/srcLine&gt;&#10;            &lt;srcColumn&gt;37&lt;/srcColumn&gt;&#10;            &lt;idName&gt;d&lt;/idName]&gt;&#10;          &lt;/falseC...&gt; but was:&lt;...  &lt;condition class=&quot;[recordElemSelect&quot;&gt;&#10;            &lt;srcLine&gt;2&lt;/srcLine&gt;&#10;            &lt;srcColumn&gt;16&lt;/srcColumn&gt;&#10;          &lt;/condition&gt;&#10;          &lt;trueCase class=&quot;recordElemSelect&quot;&gt;&#10;            &lt;srcLine&gt;2&lt;/srcLine&gt;&#10;            &lt;srcColumn&gt;33&lt;/srcColumn&gt;&#10;          &lt;/trueCase&gt;&#10;          &lt;falseCase class=&quot;recordElemSelect&quot;&gt;&#10;            &lt;srcLine&gt;2&lt;/srcLine&gt;&#10;            &lt;srcColumn&gt;37&lt;/srcColumn]&gt;&#10;          &lt;/falseC...&gt;" type="org.junit.ComparisonFailure">org.junit.ComparisonFailure: Expected child nodelist length '5' but was '2' - comparing &lt;condition...&gt; at /module[1]/function[1]/functionBody[1]/valDef[1]/value[1]/condition[1] to &lt;condition...&gt; at /module[1]/function[1]/functionBody[1]/valDef[1]/value[1]/condition[1] expected:&lt;...  &lt;condition class=&quot;[select&quot;&gt;
            &lt;srcLine&gt;2&lt;/srcLine&gt;
            &lt;srcColumn&gt;17&lt;/srcColumn&gt;
            &lt;condition class=&quot;compare&quot;&gt;
              &lt;srcLine&gt;2&lt;/srcLine&gt;
              &lt;srcColumn&gt;17&lt;/srcColumn&gt;
              &lt;leftOp class=&quot;idRef&quot;&gt;
                &lt;srcLine&gt;2&lt;/srcLine&gt;
                &lt;srcColumn&gt;17&lt;/srcColumn&gt;
                &lt;idName&gt;a&lt;/idName&gt;
              &lt;/leftOp&gt;
              &lt;rightOp class=&quot;idRef&quot;&gt;
                &lt;srcLine&gt;2&lt;/srcLine&gt;
                &lt;srcColumn&gt;19&lt;/srcColumn&gt;
                &lt;idName&gt;d&lt;/idName&gt;
              &lt;/rightOp&gt;
              &lt;comparator&gt;LESS&lt;/comparator&gt;
            &lt;/condition&gt;
            &lt;trueCase class=&quot;compare&quot;&gt;
              &lt;srcLine&gt;2&lt;/srcLine&gt;
              &lt;srcColumn&gt;22&lt;/srcColumn&gt;
              &lt;leftOp class=&quot;idRef&quot;&gt;
                &lt;srcLine&gt;2&lt;/srcLine&gt;
                &lt;srcColumn&gt;22&lt;/srcColumn&gt;
                &lt;idName&gt;a&lt;/idName&gt;
              &lt;/leftOp&gt;
              &lt;rightOp class=&quot;idRef&quot;&gt;
                &lt;srcLine&gt;2&lt;/srcLine&gt;
                &lt;srcColumn&gt;24&lt;/srcColumn&gt;
                &lt;idName&gt;d&lt;/idName&gt;
              &lt;/rightOp&gt;
              &lt;comparator&gt;GREATER&lt;/comparator&gt;
            &lt;/trueCase&gt;
            &lt;falseCase class=&quot;idRef&quot;&gt;
              &lt;srcLine&gt;2&lt;/srcLine&gt;
              &lt;srcColumn&gt;28&lt;/srcColumn&gt;
              &lt;idName&gt;i&lt;/idName&gt;
            &lt;/falseCase&gt;
          &lt;/condition&gt;
          &lt;trueCase class=&quot;idRef&quot;&gt;
            &lt;srcLine&gt;2&lt;/srcLine&gt;
            &lt;srcColumn&gt;33&lt;/srcColumn&gt;
            &lt;idName&gt;a&lt;/idName&gt;
          &lt;/trueCase&gt;
          &lt;falseCase class=&quot;idRef&quot;&gt;
            &lt;srcLine&gt;2&lt;/srcLine&gt;
            &lt;srcColumn&gt;37&lt;/srcColumn&gt;
            &lt;idName&gt;d&lt;/idName]&gt;
          &lt;/falseC...&gt; but was:&lt;...  &lt;condition class=&quot;[recordElemSelect&quot;&gt;
            &lt;srcLine&gt;2&lt;/srcLine&gt;
            &lt;srcColumn&gt;16&lt;/srcColumn&gt;
          &lt;/condition&gt;
          &lt;trueCase class=&quot;recordElemSelect&quot;&gt;
            &lt;srcLine&gt;2&lt;/srcLine&gt;
            &lt;srcColumn&gt;33&lt;/srcColumn&gt;
          &lt;/trueCase&gt;
          &lt;falseCase class=&quot;recordElemSelect&quot;&gt;
            &lt;srcLine&gt;2&lt;/srcLine&gt;
            &lt;srcColumn&gt;37&lt;/srcColumn]&gt;
          &lt;/falseC...&gt;
	at sun.reflect.NativeConstructorAccessorImpl.newInstance0(Native Method)
	at sun.reflect.NativeConstructorAccessorImpl.newInstance(NativeConstructorAccessorImpl.java:62)
	at sun.reflect.DelegatingConstructorAccessorImpl.newInstance(DelegatingConstructorAccessorImpl.java:45)
	at java.lang.reflect.Constructor.newInstance(Constructor.java:423)
	at org.xmlunit.matchers.CompareMatcher.createComparisonFailure(CompareMatcher.java:315)
	at org.xmlunit.matchers.CompareMatcher.createComparisonFailure(CompareMatcher.java:299)
	at org.xmlunit.matchers.CompareMatcher.matches(CompareMatcher.java:279)
	at org.hamcrest.MatcherAssert.assertThat(MatcherAssert.java:12)
	at org.junit.Assert.assertThat(Assert.java:956)
	at org.junit.Assert.assertThat(Assert.java:923)
	at mavlc.frontend.ast.ASTCompareTest.testExample(ASTCompareTest.java:69)
	at sun.reflect.NativeMethodAccessorImpl.invoke0(Native Method)
	at sun.reflect.NativeMethodAccessorImpl.invoke(NativeMethodAccessorImpl.java:62)
	at sun.reflect.DelegatingMethodAccessorImpl.invoke(DelegatingMethodAccessorImpl.java:43)
	at java.lang.reflect.Method.invoke(Method.java:498)
	at org.junit.runners.model.FrameworkMethod$1.runReflectiveCall(FrameworkMethod.java:50)
	at org.junit.internal.runners.model.ReflectiveCallable.run(ReflectiveCallable.java:12)
	at org.junit.runners.model.FrameworkMethod.invokeExplosively(FrameworkMethod.java:47)
	at org.junit.internal.runners.statements.InvokeMethod.evaluate(InvokeMethod.java:17)
	at org.junit.runners.ParentRunner.runLeaf(ParentRunner.java:325)
	at org.junit.runners.BlockJUnit4ClassRunner.runChild(BlockJUnit4ClassRunner.java:78)
	at org.junit.runners.BlockJUnit4ClassRunner.runChild(BlockJUnit4ClassRunner.java:57)
	at org.junit.runners.ParentRunner$3.run(ParentRunner.java:290)
	at org.junit.runners.ParentRunner$1.schedule(ParentRunner.java:71)
	at org.junit.runners.ParentRunner.runChildren(ParentRunner.java:288)
	at org.junit.runners.ParentRunner.access$000(ParentRunner.java:58)
	at org.junit.runners.ParentRunner$2.evaluate(ParentRunner.java:268)
	at org.junit.runners.ParentRunner.run(ParentRunner.java:363)
	at org.junit.runners.Suite.runChild(Suite.java:128)
	at org.junit.runners.Suite.runChild(Suite.java:27)
	at org.junit.runners.ParentRunner$3.run(ParentRunner.java:290)
	at org.junit.runners.ParentRunner$1.schedule(ParentRunner.java:71)
	at org.junit.runners.ParentRunner.runChildren(ParentRunner.java:288)
	at org.junit.runners.ParentRunner.access$000(ParentRunner.java:58)
	at org.junit.runners.ParentRunner$2.evaluate(ParentRunner.java:268)
	at org.junit.runners.ParentRunner.run(ParentRunner.java:363)
	at org.gradle.api.internal.tasks.testing.junit.JUnitTestClassExecuter.runTestClass(JUnitTestClassExecuter.java:114)
	at org.gradle.api.internal.tasks.testing.junit.JUnitTestClassExecuter.execute(JUnitTestClassExecuter.java:57)
	at org.gradle.api.internal.tasks.testing.junit.JUnitTestClassProcessor.processTestClass(JUnitTestClassProcessor.java:66)
	at org.gradle.api.internal.tasks.testing.SuiteTestClassProcessor.processTestClass(SuiteTestClassProcessor.java:51)
	at sun.reflect.NativeMethodAccessorImpl.invoke0(Native Method)
	at sun.reflect.NativeMethodAccessorImpl.invoke(NativeMethodAccessorImpl.java:62)
	at sun.reflect.DelegatingMethodAccessorImpl.invoke(DelegatingMethodAccessorImpl.java:43)
	at java.lang.reflect.Method.invoke(Method.java:498)
	at org.gradle.internal.dispatch.ReflectionDispatch.dispatch(ReflectionDispatch.java:35)
	at org.gradle.internal.dispatch.ReflectionDispatch.dispatch(ReflectionDispatch.java:24)
	at org.gradle.internal.dispatch.ContextClassLoaderDispatch.dispatch(ContextClassLoaderDispatch.java:32)
	at org.gradle.internal.dispatch.ProxyDispatchAdapter$DispatchingInvocationHandler.invoke(ProxyDispatchAdapter.java:93)
	at com.sun.proxy.$Proxy2.processTestClass(Unknown Source)
	at org.gradle.api.internal.tasks.testing.worker.TestWorker.processTestClass(TestWorker.java:109)
	at sun.reflect.NativeMethodAccessorImpl.invoke0(Native Method)
	at sun.reflect.NativeMethodAccessorImpl.invoke(NativeMethodAccessorImpl.java:62)
	at sun.reflect.DelegatingMethodAccessorImpl.invoke(DelegatingMethodAccessorImpl.java:43)
	at java.lang.reflect.Method.invoke(Method.java:498)
	at org.gradle.internal.dispatch.ReflectionDispatch.dispatch(ReflectionDispatch.java:35)
	at org.gradle.internal.dispatch.ReflectionDispatch.dispatch(ReflectionDispatch.java:24)
	at org.gradle.internal.remote.internal.hub.MessageHub$Handler.run(MessageHub.java:377)
	at org.gradle.internal.concurrent.ExecutorPolicy$CatchAndRecordFailures.onExecute(ExecutorPolicy.java:54)
	at org.gradle.internal.concurrent.StoppableExecutorImpl$1.run(StoppableExecutorImpl.java:40)
	at java.util.concurrent.ThreadPoolExecutor.runWorker(ThreadPoolExecutor.java:1142)
	at java.util.concurrent.ThreadPoolExecutor$Worker.run(ThreadPoolExecutor.java:617)
	at java.lang.Thread.run(Thread.java:745)
</failure>
  </testcase>
  <testcase name="testExample[exp1]" classname="mavlc.frontend.ast.ASTCompareTest" time="0.121">
    <failure message="org.junit.ComparisonFailure: Expected child nodelist length '3' but was '2' - comparing &lt;leftOp...&gt; at /module[1]/function[1]/functionBody[1]/valDef[1]/value[1]/leftOp[1] to &lt;leftOp...&gt; at /module[1]/function[1]/functionBody[1]/valDef[1]/value[1]/leftOp[1] expected:&lt;...     &lt;leftOp class=&quot;[floatVal&quot;&gt;&#10;            &lt;srcLine&gt;2&lt;/srcLine&gt;&#10;            &lt;srcColumn&gt;17&lt;/srcColumn&gt;&#10;            &lt;val&gt;3.141&lt;/val&gt;&#10;          &lt;/leftOp&gt;&#10;          &lt;rightOp class=&quot;floatVal&quot;&gt;&#10;            &lt;srcLine&gt;2&lt;/srcLine&gt;&#10;            &lt;srcColumn&gt;25&lt;/srcColumn&gt;&#10;            &lt;val&gt;42.0&lt;/val]&gt;&#10;          &lt;/rightO...&gt; but was:&lt;...     &lt;leftOp class=&quot;[recordElemSelect&quot;&gt;&#10;            &lt;srcLine&gt;2&lt;/srcLine&gt;&#10;            &lt;srcColumn&gt;17&lt;/srcColumn&gt;&#10;          &lt;/leftOp&gt;&#10;          &lt;rightOp class=&quot;recordElemSelect&quot;&gt;&#10;            &lt;srcLine&gt;2&lt;/srcLine&gt;&#10;            &lt;srcColumn&gt;25&lt;/srcColumn]&gt;&#10;          &lt;/rightO...&gt;" type="org.junit.ComparisonFailure">org.junit.ComparisonFailure: Expected child nodelist length '3' but was '2' - comparing &lt;leftOp...&gt; at /module[1]/function[1]/functionBody[1]/valDef[1]/value[1]/leftOp[1] to &lt;leftOp...&gt; at /module[1]/function[1]/functionBody[1]/valDef[1]/value[1]/leftOp[1] expected:&lt;...     &lt;leftOp class=&quot;[floatVal&quot;&gt;
            &lt;srcLine&gt;2&lt;/srcLine&gt;
            &lt;srcColumn&gt;17&lt;/srcColumn&gt;
            &lt;val&gt;3.141&lt;/val&gt;
          &lt;/leftOp&gt;
          &lt;rightOp class=&quot;floatVal&quot;&gt;
            &lt;srcLine&gt;2&lt;/srcLine&gt;
            &lt;srcColumn&gt;25&lt;/srcColumn&gt;
            &lt;val&gt;42.0&lt;/val]&gt;
          &lt;/rightO...&gt; but was:&lt;...     &lt;leftOp class=&quot;[recordElemSelect&quot;&gt;
            &lt;srcLine&gt;2&lt;/srcLine&gt;
            &lt;srcColumn&gt;17&lt;/srcColumn&gt;
          &lt;/leftOp&gt;
          &lt;rightOp class=&quot;recordElemSelect&quot;&gt;
            &lt;srcLine&gt;2&lt;/srcLine&gt;
            &lt;srcColumn&gt;25&lt;/srcColumn]&gt;
          &lt;/rightO...&gt;
	at sun.reflect.NativeConstructorAccessorImpl.newInstance0(Native Method)
	at sun.reflect.NativeConstructorAccessorImpl.newInstance(NativeConstructorAccessorImpl.java:62)
	at sun.reflect.DelegatingConstructorAccessorImpl.newInstance(DelegatingConstructorAccessorImpl.java:45)
	at java.lang.reflect.Constructor.newInstance(Constructor.java:423)
	at org.xmlunit.matchers.CompareMatcher.createComparisonFailure(CompareMatcher.java:315)
	at org.xmlunit.matchers.CompareMatcher.createComparisonFailure(CompareMatcher.java:299)
	at org.xmlunit.matchers.CompareMatcher.matches(CompareMatcher.java:279)
	at org.hamcrest.MatcherAssert.assertThat(MatcherAssert.java:12)
	at org.junit.Assert.assertThat(Assert.java:956)
	at org.junit.Assert.assertThat(Assert.java:923)
	at mavlc.frontend.ast.ASTCompareTest.testExample(ASTCompareTest.java:69)
	at sun.reflect.NativeMethodAccessorImpl.invoke0(Native Method)
	at sun.reflect.NativeMethodAccessorImpl.invoke(NativeMethodAccessorImpl.java:62)
	at sun.reflect.DelegatingMethodAccessorImpl.invoke(DelegatingMethodAccessorImpl.java:43)
	at java.lang.reflect.Method.invoke(Method.java:498)
	at org.junit.runners.model.FrameworkMethod$1.runReflectiveCall(FrameworkMethod.java:50)
	at org.junit.internal.runners.model.ReflectiveCallable.run(ReflectiveCallable.java:12)
	at org.junit.runners.model.FrameworkMethod.invokeExplosively(FrameworkMethod.java:47)
	at org.junit.internal.runners.statements.InvokeMethod.evaluate(InvokeMethod.java:17)
	at org.junit.runners.ParentRunner.runLeaf(ParentRunner.java:325)
	at org.junit.runners.BlockJUnit4ClassRunner.runChild(BlockJUnit4ClassRunner.java:78)
	at org.junit.runners.BlockJUnit4ClassRunner.runChild(BlockJUnit4ClassRunner.java:57)
	at org.junit.runners.ParentRunner$3.run(ParentRunner.java:290)
	at org.junit.runners.ParentRunner$1.schedule(ParentRunner.java:71)
	at org.junit.runners.ParentRunner.runChildren(ParentRunner.java:288)
	at org.junit.runners.ParentRunner.access$000(ParentRunner.java:58)
	at org.junit.runners.ParentRunner$2.evaluate(ParentRunner.java:268)
	at org.junit.runners.ParentRunner.run(ParentRunner.java:363)
	at org.junit.runners.Suite.runChild(Suite.java:128)
	at org.junit.runners.Suite.runChild(Suite.java:27)
	at org.junit.runners.ParentRunner$3.run(ParentRunner.java:290)
	at org.junit.runners.ParentRunner$1.schedule(ParentRunner.java:71)
	at org.junit.runners.ParentRunner.runChildren(ParentRunner.java:288)
	at org.junit.runners.ParentRunner.access$000(ParentRunner.java:58)
	at org.junit.runners.ParentRunner$2.evaluate(ParentRunner.java:268)
	at org.junit.runners.ParentRunner.run(ParentRunner.java:363)
	at org.gradle.api.internal.tasks.testing.junit.JUnitTestClassExecuter.runTestClass(JUnitTestClassExecuter.java:114)
	at org.gradle.api.internal.tasks.testing.junit.JUnitTestClassExecuter.execute(JUnitTestClassExecuter.java:57)
	at org.gradle.api.internal.tasks.testing.junit.JUnitTestClassProcessor.processTestClass(JUnitTestClassProcessor.java:66)
	at org.gradle.api.internal.tasks.testing.SuiteTestClassProcessor.processTestClass(SuiteTestClassProcessor.java:51)
	at sun.reflect.NativeMethodAccessorImpl.invoke0(Native Method)
	at sun.reflect.NativeMethodAccessorImpl.invoke(NativeMethodAccessorImpl.java:62)
	at sun.reflect.DelegatingMethodAccessorImpl.invoke(DelegatingMethodAccessorImpl.java:43)
	at java.lang.reflect.Method.invoke(Method.java:498)
	at org.gradle.internal.dispatch.ReflectionDispatch.dispatch(ReflectionDispatch.java:35)
	at org.gradle.internal.dispatch.ReflectionDispatch.dispatch(ReflectionDispatch.java:24)
	at org.gradle.internal.dispatch.ContextClassLoaderDispatch.dispatch(ContextClassLoaderDispatch.java:32)
	at org.gradle.internal.dispatch.ProxyDispatchAdapter$DispatchingInvocationHandler.invoke(ProxyDispatchAdapter.java:93)
	at com.sun.proxy.$Proxy2.processTestClass(Unknown Source)
	at org.gradle.api.internal.tasks.testing.worker.TestWorker.processTestClass(TestWorker.java:109)
	at sun.reflect.NativeMethodAccessorImpl.invoke0(Native Method)
	at sun.reflect.NativeMethodAccessorImpl.invoke(NativeMethodAccessorImpl.java:62)
	at sun.reflect.DelegatingMethodAccessorImpl.invoke(DelegatingMethodAccessorImpl.java:43)
	at java.lang.reflect.Method.invoke(Method.java:498)
	at org.gradle.internal.dispatch.ReflectionDispatch.dispatch(ReflectionDispatch.java:35)
	at org.gradle.internal.dispatch.ReflectionDispatch.dispatch(ReflectionDispatch.java:24)
	at org.gradle.internal.remote.internal.hub.MessageHub$Handler.run(MessageHub.java:377)
	at org.gradle.internal.concurrent.ExecutorPolicy$CatchAndRecordFailures.onExecute(ExecutorPolicy.java:54)
	at org.gradle.internal.concurrent.StoppableExecutorImpl$1.run(StoppableExecutorImpl.java:40)
	at java.util.concurrent.ThreadPoolExecutor.runWorker(ThreadPoolExecutor.java:1142)
	at java.util.concurrent.ThreadPoolExecutor$Worker.run(ThreadPoolExecutor.java:617)
	at java.lang.Thread.run(Thread.java:745)
</failure>
  </testcase>
  <testcase name="testExample[arithmetic4]" classname="mavlc.frontend.ast.ASTCompareTest" time="0.119">
[...]
            &lt;/leftOp&gt;
            &lt;rightOp class=&quot;recordElemSelect&quot;&gt;
              &lt;srcLine&gt;2&lt;/srcLine&gt;
              &lt;srcColumn&gt;24&lt;/srcColumn&gt;
            &lt;/rightOp&gt;
          &lt;/leftOp&gt;
          &lt;rightOp class=&quot;recordElemSelect&quot;&gt;
            &lt;srcLine&gt;2&lt;/srcLine&gt;
            &lt;srcColumn&gt;28&lt;/srcColumn]&gt;
          &lt;/rightO...&gt;
	at sun.reflect.NativeConstructorAccessorImpl.newInstance0(Native Method)
	at sun.reflect.NativeConstructorAccessorImpl.newInstance(NativeConstructorAccessorImpl.java:62)
	at sun.reflect.DelegatingConstructorAccessorImpl.newInstance(DelegatingConstructorAccessorImpl.java:45)
	at java.lang.reflect.Constructor.newInstance(Constructor.java:423)
	at org.xmlunit.matchers.CompareMatcher.createComparisonFailure(CompareMatcher.java:315)
	at org.xmlunit.matchers.CompareMatcher.createComparisonFailure(CompareMatcher.java:299)
	at org.xmlunit.matchers.CompareMatcher.matches(CompareMatcher.java:279)
	at org.hamcrest.MatcherAssert.assertThat(MatcherAssert.java:12)
	at org.junit.Assert.assertThat(Assert.java:956)
	at org.junit.Assert.assertThat(Assert.java:923)
	at mavlc.frontend.ast.ASTCompareTest.testExample(ASTCompareTest.java:69)
	at sun.reflect.NativeMethodAccessorImpl.invoke0(Native Method)
	at sun.reflect.NativeMethodAccessorImpl.invoke(NativeMethodAccessorImpl.java:62)
	at sun.reflect.DelegatingMethodAccessorImpl.invoke(DelegatingMethodAccessorImpl.java:43)
	at java.lang.reflect.Method.invoke(Method.java:498)
	at org.junit.runners.model.FrameworkMethod$1.runReflectiveCall(FrameworkMethod.java:50)
	at org.junit.internal.runners.model.ReflectiveCallable.run(ReflectiveCallable.java:12)
	at org.junit.runners.model.FrameworkMethod.invokeExplosively(FrameworkMethod.java:47)
	at org.junit.internal.runners.statements.InvokeMethod.evaluate(InvokeMethod.java:17)
	at org.junit.runners.ParentRunner.runLeaf(ParentRunner.java:325)
	at org.junit.runners.BlockJUnit4ClassRunner.runChild(BlockJUnit4ClassRunner.java:78)
	at org.junit.runners.BlockJUnit4ClassRunner.runChild(BlockJUnit4ClassRunner.java:57)
	at org.junit.runners.ParentRunner$3.run(ParentRunner.java:290)
	at org.junit.runners.ParentRunner$1.schedule(ParentRunner.java:71)
	at org.junit.runners.ParentRunner.runChildren(ParentRunner.java:288)
	at org.junit.runners.ParentRunner.access$000(ParentRunner.java:58)
	at org.junit.runners.ParentRunner$2.evaluate(ParentRunner.java:268)
	at org.junit.runners.ParentRunner.run(ParentRunner.java:363)
	at org.junit.runners.Suite.runChild(Suite.java:128)
	at org.junit.runners.Suite.runChild(Suite.java:27)
	at org.junit.runners.ParentRunner$3.run(ParentRunner.java:290)
	at org.junit.runners.ParentRunner$1.schedule(ParentRunner.java:71)
	at org.junit.runners.ParentRunner.runChildren(ParentRunner.java:288)
	at org.junit.runners.ParentRunner.access$000(ParentRunner.java:58)
	at org.junit.runners.ParentRunner$2.evaluate(ParentRunner.java:268)
	at org.junit.runners.ParentRunner.run(ParentRunner.java:363)
	at org.gradle.api.internal.tasks.testing.junit.JUnitTestClassExecuter.runTestClass(JUnitTestClassExecuter.java:114)
	at org.gradle.api.internal.tasks.testing.junit.JUnitTestClassExecuter.execute(JUnitTestClassExecuter.java:57)
	at org.gradle.api.internal.tasks.testing.junit.JUnitTestClassProcessor.processTestClass(JUnitTestClassProcessor.java:66)
	at org.gradle.api.internal.tasks.testing.SuiteTestClassProcessor.processTestClass(SuiteTestClassProcessor.java:51)
	at sun.reflect.NativeMethodAccessorImpl.invoke0(Native Method)
	at sun.reflect.NativeMethodAccessorImpl.invoke(NativeMethodAccessorImpl.java:62)
	at sun.reflect.DelegatingMethodAccessorImpl.invoke(DelegatingMethodAccessorImpl.java:43)
	at java.lang.reflect.Method.invoke(Method.java:498)
	at org.gradle.internal.dispatch.ReflectionDispatch.dispatch(ReflectionDispatch.java:35)
	at org.gradle.internal.dispatch.ReflectionDispatch.dispatch(ReflectionDispatch.java:24)
	at org.gradle.internal.dispatch.ContextClassLoaderDispatch.dispatch(ContextClassLoaderDispatch.java:32)
	at org.gradle.internal.dispatch.ProxyDispatchAdapter$DispatchingInvocationHandler.invoke(ProxyDispatchAdapter.java:93)
	at com.sun.proxy.$Proxy2.processTestClass(Unknown Source)
	at org.gradle.api.internal.tasks.testing.worker.TestWorker.processTestClass(TestWorker.java:109)
	at sun.reflect.NativeMethodAccessorImpl.invoke0(Native Method)
	at sun.reflect.NativeMethodAccessorImpl.invoke(NativeMethodAccessorImpl.java:62)
	at sun.reflect.DelegatingMethodAccessorImpl.invoke(DelegatingMethodAccessorImpl.java:43)
	at java.lang.reflect.Method.invoke(Method.java:498)
	at org.gradle.internal.dispatch.ReflectionDispatch.dispatch(ReflectionDispatch.java:35)
	at org.gradle.internal.dispatch.ReflectionDispatch.dispatch(ReflectionDispatch.java:24)
	at org.gradle.internal.remote.internal.hub.MessageHub$Handler.run(MessageHub.java:377)
	at org.gradle.internal.concurrent.ExecutorPolicy$CatchAndRecordFailures.onExecute(ExecutorPolicy.java:54)
	at org.gradle.internal.concurrent.StoppableExecutorImpl$1.run(StoppableExecutorImpl.java:40)
	at java.util.concurrent.ThreadPoolExecutor.runWorker(ThreadPoolExecutor.java:1142)
	at java.util.concurrent.ThreadPoolExecutor$Worker.run(ThreadPoolExecutor.java:617)
	at java.lang.Thread.run(Thread.java:745)
</failure>
  </testcase>
  <testcase name="testExample[Switchcase7]" classname="mavlc.frontend.ast.ASTCompareTest" time="0.029">
    <failure message="Syntax error in line 5, column 10&#10;Got token &lt;COLON :&gt; but expected one of FOR, FOREACH, ID, IF, LBRACE, RETURN, SWITCH, VAL, VAR" type="mavlc.error_reporting.SyntaxError">Syntax error in line 5, column 10
Got token &lt;COLON :&gt; but expected one of FOR, FOREACH, ID, IF, LBRACE, RETURN, SWITCH, VAL, VAR
	at mavlc.parser.recursive_descent.Parser.parseStatement(Parser.java:268)
	at mavlc.parser.recursive_descent.Parser.parseCase(Parser.java:521)
	at mavlc.parser.recursive_descent.Parser.parseSwitch(Parser.java:484)
	at mavlc.parser.recursive_descent.Parser.parseStatement(Parser.java:265)
	at mavlc.parser.recursive_descent.Parser.parseFunction(Parser.java:119)
	at mavlc.parser.recursive_descent.Parser.parse(Parser.java:69)
	at mavlc.Main.main(Main.java:102)
	at mavlc.frontend.ast.ASTCompareTest.testExample(ASTCompareTest.java:68)
	at sun.reflect.NativeMethodAccessorImpl.invoke0(Native Method)
	at sun.reflect.NativeMethodAccessorImpl.invoke(NativeMethodAccessorImpl.java:62)
	at sun.reflect.DelegatingMethodAccessorImpl.invoke(DelegatingMethodAccessorImpl.java:43)
	at java.lang.reflect.Method.invoke(Method.java:498)
	at org.junit.runners.model.FrameworkMethod$1.runReflectiveCall(FrameworkMethod.java:50)
	at org.junit.internal.runners.model.ReflectiveCallable.run(ReflectiveCallable.java:12)
	at org.junit.runners.model.FrameworkMethod.invokeExplosively(FrameworkMethod.java:47)
	at org.junit.internal.runners.statements.InvokeMethod.evaluate(InvokeMethod.java:17)
	at org.junit.runners.ParentRunner.runLeaf(ParentRunner.java:325)
	at org.junit.runners.BlockJUnit4ClassRunner.runChild(BlockJUnit4ClassRunner.java:78)
	at org.junit.runners.BlockJUnit4ClassRunner.runChild(BlockJUnit4ClassRunner.java:57)
	at org.junit.runners.ParentRunner$3.run(ParentRunner.java:290)
	at org.junit.runners.ParentRunner$1.schedule(ParentRunner.java:71)
	at org.junit.runners.ParentRunner.runChildren(ParentRunner.java:288)
	at org.junit.runners.ParentRunner.access$000(ParentRunner.java:58)
	at org.junit.runners.ParentRunner$2.evaluate(ParentRunner.java:268)
	at org.junit.runners.ParentRunner.run(ParentRunner.java:363)
	at org.junit.runners.Suite.runChild(Suite.java:128)
	at org.junit.runners.Suite.runChild(Suite.java:27)
	at org.junit.runners.ParentRunner$3.run(ParentRunner.java:290)
	at org.junit.runners.ParentRunner$1.schedule(ParentRunner.java:71)
	at org.junit.runners.ParentRunner.runChildren(ParentRunner.java:288)
	at org.junit.runners.ParentRunner.access$000(ParentRunner.java:58)
	at org.junit.runners.ParentRunner$2.evaluate(ParentRunner.java:268)
	at org.junit.runners.ParentRunner.run(ParentRunner.java:363)
	at org.gradle.api.internal.tasks.testing.junit.JUnitTestClassExecuter.runTestClass(JUnitTestClassExecuter.java:114)
	at org.gradle.api.internal.tasks.testing.junit.JUnitTestClassExecuter.execute(JUnitTestClassExecuter.java:57)
	at org.gradle.api.internal.tasks.testing.junit.JUnitTestClassProcessor.processTestClass(JUnitTestClassProcessor.java:66)
	at org.gradle.api.internal.tasks.testing.SuiteTestClassProcessor.processTestClass(SuiteTestClassProcessor.java:51)
	at sun.reflect.NativeMethodAccessorImpl.invoke0(Native Method)
	at sun.reflect.NativeMethodAccessorImpl.invoke(NativeMethodAccessorImpl.java:62)
	at sun.reflect.DelegatingMethodAccessorImpl.invoke(DelegatingMethodAccessorImpl.java:43)
	at java.lang.reflect.Method.invoke(Method.java:498)
	at org.gradle.internal.dispatch.ReflectionDispatch.dispatch(ReflectionDispatch.java:35)
	at org.gradle.internal.dispatch.ReflectionDispatch.dispatch(ReflectionDispatch.java:24)
	at org.gradle.internal.dispatch.ContextClassLoaderDispatch.dispatch(ContextClassLoaderDispatch.java:32)
	at org.gradle.internal.dispatch.ProxyDispatchAdapter$DispatchingInvocationHandler.invoke(ProxyDispatchAdapter.java:93)
	at com.sun.proxy.$Proxy2.processTestClass(Unknown Source)
	at org.gradle.api.internal.tasks.testing.worker.TestWorker.processTestClass(TestWorker.java:109)
	at sun.reflect.NativeMethodAccessorImpl.invoke0(Native Method)
	at sun.reflect.NativeMethodAccessorImpl.invoke(NativeMethodAccessorImpl.java:62)
	at sun.reflect.DelegatingMethodAccessorImpl.invoke(DelegatingMethodAccessorImpl.java:43)
	at java.lang.reflect.Method.invoke(Method.java:498)
	at org.gradle.internal.dispatch.ReflectionDispatch.dispatch(ReflectionDispatch.java:35)
	at org.gradle.internal.dispatch.ReflectionDispatch.dispatch(ReflectionDispatch.java:24)
	at org.gradle.internal.remote.internal.hub.MessageHub$Handler.run(MessageHub.java:377)
	at org.gradle.internal.concurrent.ExecutorPolicy$CatchAndRecordFailures.onExecute(ExecutorPolicy.java:54)
	at org.gradle.internal.concurrent.StoppableExecutorImpl$1.run(StoppableExecutorImpl.java:40)
	at java.util.concurrent.ThreadPoolExecutor.runWorker(ThreadPoolExecutor.java:1142)
	at java.util.concurrent.ThreadPoolExecutor$Worker.run(ThreadPoolExecutor.java:617)
	at java.lang.Thread.run(Thread.java:745)
</failure>
  </testcase>
  <testcase name="testExample[Switchcase5]" classname="mavlc.frontend.ast.ASTCompareTest" time="0.12">
    <failure message="Syntax error in line 5, column 10&#10;Got token &lt;COLON :&gt; but expected one of FOR, FOREACH, ID, IF, LBRACE, RETURN, SWITCH, VAL, VAR" type="mavlc.error_reporting.SyntaxError">Syntax error in line 5, column 10
Got token &lt;COLON :&gt; but expected one of FOR, FOREACH, ID, IF, LBRACE, RETURN, SWITCH, VAL, VAR
	at mavlc.parser.recursive_descent.Parser.parseStatement(Parser.java:268)
	at mavlc.parser.recursive_descent.Parser.parseCase(Parser.java:521)
	at mavlc.parser.recursive_descent.Parser.parseSwitch(Parser.java:484)
	at mavlc.parser.recursive_descent.Parser.parseStatement(Parser.java:265)
	at mavlc.parser.recursive_descent.Parser.parseFunction(Parser.java:119)
	at mavlc.parser.recursive_descent.Parser.parse(Parser.java:69)
	at mavlc.Main.main(Main.java:102)
	at mavlc.frontend.ast.ASTCompareTest.testExample(ASTCompareTest.java:68)
	at sun.reflect.NativeMethodAccessorImpl.invoke0(Native Method)
	at sun.reflect.NativeMethodAccessorImpl.invoke(NativeMethodAccessorImpl.java:62)
	at sun.reflect.DelegatingMethodAccessorImpl.invoke(DelegatingMethodAccessorImpl.java:43)
	at java.lang.reflect.Method.invoke(Method.java:498)
	at org.junit.runners.model.FrameworkMethod$1.runReflectiveCall(FrameworkMethod.java:50)
	at org.junit.internal.runners.model.ReflectiveCallable.run(ReflectiveCallable.java:12)
	at org.junit.runners.model.FrameworkMethod.invokeExplosively(FrameworkMethod.java:47)
	at org.junit.internal.runners.statements.InvokeMethod.evaluate(InvokeMethod.java:17)
	at org.junit.runners.ParentRunner.runLeaf(ParentRunner.java:325)
	at org.junit.runners.BlockJUnit4ClassRunner.runChild(BlockJUnit4ClassRunner.java:78)
	at org.junit.runners.BlockJUnit4ClassRunner.runChild(BlockJUnit4ClassRunner.java:57)
	at org.junit.runners.ParentRunner$3.run(ParentRunner.java:290)
	at org.junit.runners.ParentRunner$1.schedule(ParentRunner.java:71)
	at org.junit.runners.ParentRunner.runChildren(ParentRunner.java:288)
	at org.junit.runners.ParentRunner.access$000(ParentRunner.java:58)
	at org.junit.runners.ParentRunner$2.evaluate(ParentRunner.java:268)
	at org.junit.runners.ParentRunner.run(ParentRunner.java:363)
	at org.junit.runners.Suite.runChild(Suite.java:128)
	at org.junit.runners.Suite.runChild(Suite.java:27)
	at org.junit.runners.ParentRunner$3.run(ParentRunner.java:290)
	at org.junit.runners.ParentRunner$1.schedule(ParentRunner.java:71)
	at org.junit.runners.ParentRunner.runChildren(ParentRunner.java:288)
	at org.junit.runners.ParentRunner.access$000(ParentRunner.java:58)
	at org.junit.runners.ParentRunner$2.evaluate(ParentRunner.java:268)
	at org.junit.runners.ParentRunner.run(ParentRunner.java:363)
	at org.gradle.api.internal.tasks.testing.junit.JUnitTestClassExecuter.runTestClass(JUnitTestClassExecuter.java:114)
	at org.gradle.api.internal.tasks.testing.junit.JUnitTestClassExecuter.execute(JUnitTestClassExecuter.java:57)
	at org.gradle.api.internal.tasks.testing.junit.JUnitTestClassProcessor.processTestClass(JUnitTestClassProcessor.java:66)
	at org.gradle.api.internal.tasks.testing.SuiteTestClassProcessor.processTestClass(SuiteTestClassProcessor.java:51)
	at sun.reflect.NativeMethodAccessorImpl.invoke0(Native Method)
	at sun.reflect.NativeMethodAccessorImpl.invoke(NativeMethodAccessorImpl.java:62)
	at sun.reflect.DelegatingMethodAccessorImpl.invoke(DelegatingMethodAccessorImpl.java:43)
	at java.lang.reflect.Method.invoke(Method.java:498)
	at org.gradle.internal.dispatch.ReflectionDispatch.dispatch(ReflectionDispatch.java:35)
	at org.gradle.internal.dispatch.ReflectionDispatch.dispatch(ReflectionDispatch.java:24)
	at org.gradle.internal.dispatch.ContextClassLoaderDispatch.dispatch(ContextClassLoaderDispatch.java:32)
	at org.gradle.internal.dispatch.ProxyDispatchAdapter$DispatchingInvocationHandler.invoke(ProxyDispatchAdapter.java:93)
	at com.sun.proxy.$Proxy2.processTestClass(Unknown Source)
	at org.gradle.api.internal.tasks.testing.worker.TestWorker.processTestClass(TestWorker.java:109)
	at sun.reflect.NativeMethodAccessorImpl.invoke0(Native Method)
	at sun.reflect.NativeMethodAccessorImpl.invoke(NativeMethodAccessorImpl.java:62)
	at sun.reflect.DelegatingMethodAccessorImpl.invoke(DelegatingMethodAccessorImpl.java:43)
	at java.lang.reflect.Method.invoke(Method.java:498)
	at org.gradle.internal.dispatch.ReflectionDispatch.dispatch(ReflectionDispatch.java:35)
	at org.gradle.internal.dispatch.ReflectionDispatch.dispatch(ReflectionDispatch.java:24)
	at org.gradle.internal.remote.internal.hub.MessageHub$Handler.run(MessageHub.java:377)
	at org.gradle.internal.concurrent.ExecutorPolicy$CatchAndRecordFailures.onExecute(ExecutorPolicy.java:54)
	at org.gradle.internal.concurrent.StoppableExecutorImpl$1.run(StoppableExecutorImpl.java:40)
	at java.util.concurrent.ThreadPoolExecutor.runWorker(ThreadPoolExecutor.java:1142)
	at java.util.concurrent.ThreadPoolExecutor$Worker.run(ThreadPoolExecutor.java:617)
	at java.lang.Thread.run(Thread.java:745)
</failure>
  </testcase>
  <system-out><![CDATA[[src/test/testcases/trees/P1/public/_6/foreach2.ast_test.syntax.xml, src/test/testcases/trees/P1/public/_6/foreach1.ast_test.syntax.xml, src/test/testcases/trees/P1/public/_1/var_declaration1.ast_test.syntax.xml, src/test/testcases/trees/P1/public/_1/var_assign1.ast_test.syntax.xml, src/test/testcases/trees/P1/public/_1/value_definition1.ast_test.syntax.xml, src/test/testcases/trees/P1/public/_4/record5.ast_test.syntax.xml, src/test/testcases/trees/P1/public/_4/record9.ast_test.syntax.xml, src/test/testcases/trees/P1/public/_4/record8.ast_test.syntax.xml, src/test/testcases/trees/P1/public/_3/Select5.ast_test.syntax.xml, src/test/testcases/trees/P1/public/_2/exp1.ast_test.syntax.xml, src/test/testcases/trees/P1/public/_2/arithmetic4.ast_test.syntax.xml, src/test/testcases/trees/P1/public/_2/arithmetic1.ast_test.syntax.xml, src/test/testcases/trees/P1/public/_5/Switchcase7.ast_test.syntax.xml, src/test/testcases/trees/P1/public/_5/Switchcase5.ast_test.syntax.xml]
Compiling file /Users/v4/Documents/Uni/Semester/5_WS_17u18/EiCB/Uebungen/Praktikum1/eicb-p1-2017.2/src/test/testcases/trees/P1/public/_6/foreach2.mavl
Writing output of syntactical analysis to build/test-output/foreach2.mavl.test.xml
Done.
Compiling file /Users/v4/Documents/Uni/Semester/5_WS_17u18/EiCB/Uebungen/Praktikum1/eicb-p1-2017.2/src/test/testcases/trees/P1/public/_6/foreach1.mavl
Writing output of syntactical analysis to build/test-output/foreach1.mavl.test.xml
Done.
Compiling file /Users/v4/Documents/Uni/Semester/5_WS_17u18/EiCB/Uebungen/Praktikum1/eicb-p1-2017.2/src/test/testcases/trees/P1/public/_1/var_declaration1.mavl
Writing output of syntactical analysis to build/test-output/var_declaration1.mavl.test.xml
Done.
Compiling file /Users/v4/Documents/Uni/Semester/5_WS_17u18/EiCB/Uebungen/Praktikum1/eicb-p1-2017.2/src/test/testcases/trees/P1/public/_1/var_assign1.mavl
Writing output of syntactical analysis to build/test-output/var_assign1.mavl.test.xml
Done.
Compiling file /Users/v4/Documents/Uni/Semester/5_WS_17u18/EiCB/Uebungen/Praktikum1/eicb-p1-2017.2/src/test/testcases/trees/P1/public/_1/value_definition1.mavl
Writing output of syntactical analysis to build/test-output/value_definition1.mavl.test.xml
Done.
Compiling file /Users/v4/Documents/Uni/Semester/5_WS_17u18/EiCB/Uebungen/Praktikum1/eicb-p1-2017.2/src/test/testcases/trees/P1/public/_4/record5.mavl
Compiling file /Users/v4/Documents/Uni/Semester/5_WS_17u18/EiCB/Uebungen/Praktikum1/eicb-p1-2017.2/src/test/testcases/trees/P1/public/_4/record9.mavl
Compiling file /Users/v4/Documents/Uni/Semester/5_WS_17u18/EiCB/Uebungen/Praktikum1/eicb-p1-2017.2/src/test/testcases/trees/P1/public/_4/record8.mavl
Compiling file /Users/v4/Documents/Uni/Semester/5_WS_17u18/EiCB/Uebungen/Praktikum1/eicb-p1-2017.2/src/test/testcases/trees/P1/public/_3/Select5.mavl
Writing output of syntactical analysis to build/test-output/Select5.mavl.test.xml
Done.
Compiling file /Users/v4/Documents/Uni/Semester/5_WS_17u18/EiCB/Uebungen/Praktikum1/eicb-p1-2017.2/src/test/testcases/trees/P1/public/_2/exp1.mavl
Writing output of syntactical analysis to build/test-output/exp1.mavl.test.xml
Done.
Compiling file /Users/v4/Documents/Uni/Semester/5_WS_17u18/EiCB/Uebungen/Praktikum1/eicb-p1-2017.2/src/test/testcases/trees/P1/public/_2/arithmetic4.mavl
Writing output of syntactical analysis to build/test-output/arithmetic4.mavl.test.xml
Done.
Compiling file /Users/v4/Documents/Uni/Semester/5_WS_17u18/EiCB/Uebungen/Praktikum1/eicb-p1-2017.2/src/test/testcases/trees/P1/public/_2/arithmetic1.mavl
Writing output of syntactical analysis to build/test-output/arithmetic1.mavl.test.xml
Done.
Compiling file /Users/v4/Documents/Uni/Semester/5_WS_17u18/EiCB/Uebungen/Praktikum1/eicb-p1-2017.2/src/test/testcases/trees/P1/public/_5/Switchcase7.mavl
Compiling file /Users/v4/Documents/Uni/Semester/5_WS_17u18/EiCB/Uebungen/Praktikum1/eicb-p1-2017.2/src/test/testcases/trees/P1/public/_5/Switchcase5.mavl
]]></system-out>
  <system-err><![CDATA[Running testcase foreach2.mavl
Running testcase foreach1.mavl
Running testcase var_declaration1.mavl
-->Successful
Running testcase var_assign1.mavl
Running testcase value_definition1.mavl
Running testcase record5.mavl
Running testcase record9.mavl
Running testcase record8.mavl
Running testcase Select5.mavl
Running testcase exp1.mavl
Running testcase arithmetic4.mavl
Running testcase arithmetic1.mavl
Running testcase Switchcase7.mavl
Running testcase Switchcase5.mavl
]]></system-err>
</testsuite>
