<!DOCTYPE html>
<html>
<head>
<meta http-equiv="Content-Type" content="text/html; charset=utf-8"/>
<meta http-equiv="x-ua-compatible" content="IE=edge"/>
<title>Test results - Class mavlc.codegen.output.OutputCompareTest</title>
<link href="../css/base-style.css" rel="stylesheet" type="text/css"/>
<link href="../css/style.css" rel="stylesheet" type="text/css"/>
<script src="../js/report.js" type="text/javascript"></script>
</head>
<body>
<div id="content">
<h1>Class mavlc.codegen.output.OutputCompareTest</h1>
<div class="breadcrumbs">
<a href="../index.html">all</a> &gt; 
<a href="../packages/mavlc.codegen.output.html">mavlc.codegen.output</a> &gt; OutputCompareTest</div>
<div id="summary">
<table>
<tr>
<td>
<div class="summaryGroup">
<table>
<tr>
<td>
<div class="infoBox" id="tests">
<div class="counter">12</div>
<p>tests</p>
</div>
</td>
<td>
<div class="infoBox" id="failures">
<div class="counter">4</div>
<p>failures</p>
</div>
</td>
<td>
<div class="infoBox" id="ignored">
<div class="counter">0</div>
<p>ignored</p>
</div>
</td>
<td>
<div class="infoBox" id="duration">
<div class="counter">0.208s</div>
<p>duration</p>
</div>
</td>
</tr>
</table>
</div>
</td>
<td>
<div class="infoBox failures" id="successRate">
<div class="percent">66%</div>
<p>successful</p>
</div>
</td>
</tr>
</table>
</div>
<div id="tabs">
<ul class="tabLinks">
<li>
<a href="#tab0">Failed tests</a>
</li>
<li>
<a href="#tab1">Tests</a>
</li>
<li>
<a href="#tab2">Standard output</a>
</li>
<li>
<a href="#tab3">Standard error</a>
</li>
</ul>
<div id="tab0" class="tab">
<h2>Failed tests</h2>
<div class="test">
<a name="testExample[Switchcase1]"></a>
<h3 class="failures">testExample[Switchcase1]</h3>
<span class="code">
<pre>java.lang.AssertionError: Resulting output does not match reference:
Reference:
27

Program has halted normally.

Output:
0

Program has halted normally.


	at org.junit.Assert.fail(Assert.java:88)
	at org.junit.Assert.assertTrue(Assert.java:41)
	at mavlc.codegen.output.OutputCompareTest.testExample(OutputCompareTest.java:76)
	at sun.reflect.NativeMethodAccessorImpl.invoke0(Native Method)
	at sun.reflect.NativeMethodAccessorImpl.invoke(NativeMethodAccessorImpl.java:62)
	at sun.reflect.DelegatingMethodAccessorImpl.invoke(DelegatingMethodAccessorImpl.java:43)
	at java.lang.reflect.Method.invoke(Method.java:498)
	at org.junit.runners.model.FrameworkMethod$1.runReflectiveCall(FrameworkMethod.java:50)
	at org.junit.internal.runners.model.ReflectiveCallable.run(ReflectiveCallable.java:12)
	at org.junit.runners.model.FrameworkMethod.invokeExplosively(FrameworkMethod.java:47)
	at org.junit.internal.runners.statements.InvokeMethod.evaluate(InvokeMethod.java:17)
	at org.junit.runners.ParentRunner.runLeaf(ParentRunner.java:325)
	at org.junit.runners.BlockJUnit4ClassRunner.runChild(BlockJUnit4ClassRunner.java:78)
	at org.junit.runners.BlockJUnit4ClassRunner.runChild(BlockJUnit4ClassRunner.java:57)
	at org.junit.runners.ParentRunner$3.run(ParentRunner.java:290)
	at org.junit.runners.ParentRunner$1.schedule(ParentRunner.java:71)
	at org.junit.runners.ParentRunner.runChildren(ParentRunner.java:288)
	at org.junit.runners.ParentRunner.access$000(ParentRunner.java:58)
	at org.junit.runners.ParentRunner$2.evaluate(ParentRunner.java:268)
	at org.junit.runners.ParentRunner.run(ParentRunner.java:363)
	at org.junit.runners.Suite.runChild(Suite.java:128)
	at org.junit.runners.Suite.runChild(Suite.java:27)
	at org.junit.runners.ParentRunner$3.run(ParentRunner.java:290)
	at org.junit.runners.ParentRunner$1.schedule(ParentRunner.java:71)
	at org.junit.runners.ParentRunner.runChildren(ParentRunner.java:288)
	at org.junit.runners.ParentRunner.access$000(ParentRunner.java:58)
	at org.junit.runners.ParentRunner$2.evaluate(ParentRunner.java:268)
	at org.junit.runners.ParentRunner.run(ParentRunner.java:363)
	at org.gradle.api.internal.tasks.testing.junit.JUnitTestClassExecuter.runTestClass(JUnitTestClassExecuter.java:114)
	at org.gradle.api.internal.tasks.testing.junit.JUnitTestClassExecuter.execute(JUnitTestClassExecuter.java:57)
	at org.gradle.api.internal.tasks.testing.junit.JUnitTestClassProcessor.processTestClass(JUnitTestClassProcessor.java:66)
	at org.gradle.api.internal.tasks.testing.SuiteTestClassProcessor.processTestClass(SuiteTestClassProcessor.java:51)
	at sun.reflect.NativeMethodAccessorImpl.invoke0(Native Method)
	at sun.reflect.NativeMethodAccessorImpl.invoke(NativeMethodAccessorImpl.java:62)
	at sun.reflect.DelegatingMethodAccessorImpl.invoke(DelegatingMethodAccessorImpl.java:43)
	at java.lang.reflect.Method.invoke(Method.java:498)
	at org.gradle.internal.dispatch.ReflectionDispatch.dispatch(ReflectionDispatch.java:35)
	at org.gradle.internal.dispatch.ReflectionDispatch.dispatch(ReflectionDispatch.java:24)
	at org.gradle.internal.dispatch.ContextClassLoaderDispatch.dispatch(ContextClassLoaderDispatch.java:32)
	at org.gradle.internal.dispatch.ProxyDispatchAdapter$DispatchingInvocationHandler.invoke(ProxyDispatchAdapter.java:93)
	at com.sun.proxy.$Proxy1.processTestClass(Unknown Source)
	at org.gradle.api.internal.tasks.testing.worker.TestWorker.processTestClass(TestWorker.java:109)
	at sun.reflect.NativeMethodAccessorImpl.invoke0(Native Method)
	at sun.reflect.NativeMethodAccessorImpl.invoke(NativeMethodAccessorImpl.java:62)
	at sun.reflect.DelegatingMethodAccessorImpl.invoke(DelegatingMethodAccessorImpl.java:43)
	at java.lang.reflect.Method.invoke(Method.java:498)
	at org.gradle.internal.dispatch.ReflectionDispatch.dispatch(ReflectionDispatch.java:35)
	at org.gradle.internal.dispatch.ReflectionDispatch.dispatch(ReflectionDispatch.java:24)
	at org.gradle.internal.remote.internal.hub.MessageHubBackedObjectConnection$DispatchWrapper.dispatch(MessageHubBackedObjectConnection.java:146)
	at org.gradle.internal.remote.internal.hub.MessageHubBackedObjectConnection$DispatchWrapper.dispatch(MessageHubBackedObjectConnection.java:128)
	at org.gradle.internal.remote.internal.hub.MessageHub$Handler.run(MessageHub.java:404)
	at org.gradle.internal.concurrent.ExecutorPolicy$CatchAndRecordFailures.onExecute(ExecutorPolicy.java:63)
	at org.gradle.internal.concurrent.ManagedExecutorImpl$1.run(ManagedExecutorImpl.java:46)
	at java.util.concurrent.ThreadPoolExecutor.runWorker(ThreadPoolExecutor.java:1149)
	at java.util.concurrent.ThreadPoolExecutor$Worker.run(ThreadPoolExecutor.java:624)
	at org.gradle.internal.concurrent.ThreadFactoryImpl$ManagedThreadRunnable.run(ThreadFactoryImpl.java:55)
	at java.lang.Thread.run(Thread.java:748)
</pre>
</span>
</div>
<div class="test">
<a name="testExample[Switchcase2]"></a>
<h3 class="failures">testExample[Switchcase2]</h3>
<span class="code">
<pre>java.lang.AssertionError: Resulting output does not match reference:
Reference:
27

Program has halted normally.

Output:
0

Program has halted normally.


	at org.junit.Assert.fail(Assert.java:88)
	at org.junit.Assert.assertTrue(Assert.java:41)
	at mavlc.codegen.output.OutputCompareTest.testExample(OutputCompareTest.java:76)
	at sun.reflect.NativeMethodAccessorImpl.invoke0(Native Method)
	at sun.reflect.NativeMethodAccessorImpl.invoke(NativeMethodAccessorImpl.java:62)
	at sun.reflect.DelegatingMethodAccessorImpl.invoke(DelegatingMethodAccessorImpl.java:43)
	at java.lang.reflect.Method.invoke(Method.java:498)
	at org.junit.runners.model.FrameworkMethod$1.runReflectiveCall(FrameworkMethod.java:50)
	at org.junit.internal.runners.model.ReflectiveCallable.run(ReflectiveCallable.java:12)
	at org.junit.runners.model.FrameworkMethod.invokeExplosively(FrameworkMethod.java:47)
	at org.junit.internal.runners.statements.InvokeMethod.evaluate(InvokeMethod.java:17)
	at org.junit.runners.ParentRunner.runLeaf(ParentRunner.java:325)
	at org.junit.runners.BlockJUnit4ClassRunner.runChild(BlockJUnit4ClassRunner.java:78)
	at org.junit.runners.BlockJUnit4ClassRunner.runChild(BlockJUnit4ClassRunner.java:57)
	at org.junit.runners.ParentRunner$3.run(ParentRunner.java:290)
	at org.junit.runners.ParentRunner$1.schedule(ParentRunner.java:71)
	at org.junit.runners.ParentRunner.runChildren(ParentRunner.java:288)
	at org.junit.runners.ParentRunner.access$000(ParentRunner.java:58)
	at org.junit.runners.ParentRunner$2.evaluate(ParentRunner.java:268)
	at org.junit.runners.ParentRunner.run(ParentRunner.java:363)
	at org.junit.runners.Suite.runChild(Suite.java:128)
	at org.junit.runners.Suite.runChild(Suite.java:27)
	at org.junit.runners.ParentRunner$3.run(ParentRunner.java:290)
	at org.junit.runners.ParentRunner$1.schedule(ParentRunner.java:71)
	at org.junit.runners.ParentRunner.runChildren(ParentRunner.java:288)
	at org.junit.runners.ParentRunner.access$000(ParentRunner.java:58)
	at org.junit.runners.ParentRunner$2.evaluate(ParentRunner.java:268)
	at org.junit.runners.ParentRunner.run(ParentRunner.java:363)
	at org.gradle.api.internal.tasks.testing.junit.JUnitTestClassExecuter.runTestClass(JUnitTestClassExecuter.java:114)
	at org.gradle.api.internal.tasks.testing.junit.JUnitTestClassExecuter.execute(JUnitTestClassExecuter.java:57)
	at org.gradle.api.internal.tasks.testing.junit.JUnitTestClassProcessor.processTestClass(JUnitTestClassProcessor.java:66)
	at org.gradle.api.internal.tasks.testing.SuiteTestClassProcessor.processTestClass(SuiteTestClassProcessor.java:51)
	at sun.reflect.NativeMethodAccessorImpl.invoke0(Native Method)
	at sun.reflect.NativeMethodAccessorImpl.invoke(NativeMethodAccessorImpl.java:62)
	at sun.reflect.DelegatingMethodAccessorImpl.invoke(DelegatingMethodAccessorImpl.java:43)
	at java.lang.reflect.Method.invoke(Method.java:498)
	at org.gradle.internal.dispatch.ReflectionDispatch.dispatch(ReflectionDispatch.java:35)
	at org.gradle.internal.dispatch.ReflectionDispatch.dispatch(ReflectionDispatch.java:24)
	at org.gradle.internal.dispatch.ContextClassLoaderDispatch.dispatch(ContextClassLoaderDispatch.java:32)
	at org.gradle.internal.dispatch.ProxyDispatchAdapter$DispatchingInvocationHandler.invoke(ProxyDispatchAdapter.java:93)
	at com.sun.proxy.$Proxy1.processTestClass(Unknown Source)
	at org.gradle.api.internal.tasks.testing.worker.TestWorker.processTestClass(TestWorker.java:109)
	at sun.reflect.NativeMethodAccessorImpl.invoke0(Native Method)
	at sun.reflect.NativeMethodAccessorImpl.invoke(NativeMethodAccessorImpl.java:62)
	at sun.reflect.DelegatingMethodAccessorImpl.invoke(DelegatingMethodAccessorImpl.java:43)
	at java.lang.reflect.Method.invoke(Method.java:498)
	at org.gradle.internal.dispatch.ReflectionDispatch.dispatch(ReflectionDispatch.java:35)
	at org.gradle.internal.dispatch.ReflectionDispatch.dispatch(ReflectionDispatch.java:24)
	at org.gradle.internal.remote.internal.hub.MessageHubBackedObjectConnection$DispatchWrapper.dispatch(MessageHubBackedObjectConnection.java:146)
	at org.gradle.internal.remote.internal.hub.MessageHubBackedObjectConnection$DispatchWrapper.dispatch(MessageHubBackedObjectConnection.java:128)
	at org.gradle.internal.remote.internal.hub.MessageHub$Handler.run(MessageHub.java:404)
	at org.gradle.internal.concurrent.ExecutorPolicy$CatchAndRecordFailures.onExecute(ExecutorPolicy.java:63)
	at org.gradle.internal.concurrent.ManagedExecutorImpl$1.run(ManagedExecutorImpl.java:46)
	at java.util.concurrent.ThreadPoolExecutor.runWorker(ThreadPoolExecutor.java:1149)
	at java.util.concurrent.ThreadPoolExecutor$Worker.run(ThreadPoolExecutor.java:624)
	at org.gradle.internal.concurrent.ThreadFactoryImpl$ManagedThreadRunnable.run(ThreadFactoryImpl.java:55)
	at java.lang.Thread.run(Thread.java:748)
</pre>
</span>
</div>
<div class="test">
<a name="testExample[foreach1]"></a>
<h3 class="failures">testExample[foreach1]</h3>
<span class="code">
<pre>java.lang.UnsupportedOperationException
	at mavlc.codegen.CodeGeneration.visitForEachLoop(CodeGeneration.java:387)
	at mavlc.codegen.CodeGeneration.visitForEachLoop(CodeGeneration.java:91)
	at mavlc.ast.nodes.statement.ForEachLoop.accept(ForEachLoop.java:94)
	at mavlc.codegen.CodeGeneration.visitFunction(CodeGeneration.java:147)
	at mavlc.codegen.CodeGeneration.visitFunction(CodeGeneration.java:91)
	at mavlc.ast.nodes.function.Function.accept(Function.java:73)
	at mavlc.codegen.CodeGeneration.visitModule(CodeGeneration.java:116)
	at mavlc.codegen.CodeGeneration.visitModule(CodeGeneration.java:91)
	at mavlc.ast.nodes.module.Module.accept(Module.java:47)
	at mavlc.Main.main(Main.java:173)
	at mavlc.codegen.output.OutputCompareTest.testExample(OutputCompareTest.java:60)
	at sun.reflect.NativeMethodAccessorImpl.invoke0(Native Method)
	at sun.reflect.NativeMethodAccessorImpl.invoke(NativeMethodAccessorImpl.java:62)
	at sun.reflect.DelegatingMethodAccessorImpl.invoke(DelegatingMethodAccessorImpl.java:43)
	at java.lang.reflect.Method.invoke(Method.java:498)
	at org.junit.runners.model.FrameworkMethod$1.runReflectiveCall(FrameworkMethod.java:50)
	at org.junit.internal.runners.model.ReflectiveCallable.run(ReflectiveCallable.java:12)
	at org.junit.runners.model.FrameworkMethod.invokeExplosively(FrameworkMethod.java:47)
	at org.junit.internal.runners.statements.InvokeMethod.evaluate(InvokeMethod.java:17)
	at org.junit.runners.ParentRunner.runLeaf(ParentRunner.java:325)
	at org.junit.runners.BlockJUnit4ClassRunner.runChild(BlockJUnit4ClassRunner.java:78)
	at org.junit.runners.BlockJUnit4ClassRunner.runChild(BlockJUnit4ClassRunner.java:57)
	at org.junit.runners.ParentRunner$3.run(ParentRunner.java:290)
	at org.junit.runners.ParentRunner$1.schedule(ParentRunner.java:71)
	at org.junit.runners.ParentRunner.runChildren(ParentRunner.java:288)
	at org.junit.runners.ParentRunner.access$000(ParentRunner.java:58)
	at org.junit.runners.ParentRunner$2.evaluate(ParentRunner.java:268)
	at org.junit.runners.ParentRunner.run(ParentRunner.java:363)
	at org.junit.runners.Suite.runChild(Suite.java:128)
	at org.junit.runners.Suite.runChild(Suite.java:27)
	at org.junit.runners.ParentRunner$3.run(ParentRunner.java:290)
	at org.junit.runners.ParentRunner$1.schedule(ParentRunner.java:71)
	at org.junit.runners.ParentRunner.runChildren(ParentRunner.java:288)
	at org.junit.runners.ParentRunner.access$000(ParentRunner.java:58)
	at org.junit.runners.ParentRunner$2.evaluate(ParentRunner.java:268)
	at org.junit.runners.ParentRunner.run(ParentRunner.java:363)
	at org.gradle.api.internal.tasks.testing.junit.JUnitTestClassExecuter.runTestClass(JUnitTestClassExecuter.java:114)
	at org.gradle.api.internal.tasks.testing.junit.JUnitTestClassExecuter.execute(JUnitTestClassExecuter.java:57)
	at org.gradle.api.internal.tasks.testing.junit.JUnitTestClassProcessor.processTestClass(JUnitTestClassProcessor.java:66)
	at org.gradle.api.internal.tasks.testing.SuiteTestClassProcessor.processTestClass(SuiteTestClassProcessor.java:51)
	at sun.reflect.NativeMethodAccessorImpl.invoke0(Native Method)
	at sun.reflect.NativeMethodAccessorImpl.invoke(NativeMethodAccessorImpl.java:62)
	at sun.reflect.DelegatingMethodAccessorImpl.invoke(DelegatingMethodAccessorImpl.java:43)
	at java.lang.reflect.Method.invoke(Method.java:498)
	at org.gradle.internal.dispatch.ReflectionDispatch.dispatch(ReflectionDispatch.java:35)
	at org.gradle.internal.dispatch.ReflectionDispatch.dispatch(ReflectionDispatch.java:24)
	at org.gradle.internal.dispatch.ContextClassLoaderDispatch.dispatch(ContextClassLoaderDispatch.java:32)
	at org.gradle.internal.dispatch.ProxyDispatchAdapter$DispatchingInvocationHandler.invoke(ProxyDispatchAdapter.java:93)
	at com.sun.proxy.$Proxy1.processTestClass(Unknown Source)
	at org.gradle.api.internal.tasks.testing.worker.TestWorker.processTestClass(TestWorker.java:109)
	at sun.reflect.NativeMethodAccessorImpl.invoke0(Native Method)
	at sun.reflect.NativeMethodAccessorImpl.invoke(NativeMethodAccessorImpl.java:62)
	at sun.reflect.DelegatingMethodAccessorImpl.invoke(DelegatingMethodAccessorImpl.java:43)
	at java.lang.reflect.Method.invoke(Method.java:498)
	at org.gradle.internal.dispatch.ReflectionDispatch.dispatch(ReflectionDispatch.java:35)
	at org.gradle.internal.dispatch.ReflectionDispatch.dispatch(ReflectionDispatch.java:24)
	at org.gradle.internal.remote.internal.hub.MessageHubBackedObjectConnection$DispatchWrapper.dispatch(MessageHubBackedObjectConnection.java:146)
	at org.gradle.internal.remote.internal.hub.MessageHubBackedObjectConnection$DispatchWrapper.dispatch(MessageHubBackedObjectConnection.java:128)
	at org.gradle.internal.remote.internal.hub.MessageHub$Handler.run(MessageHub.java:404)
	at org.gradle.internal.concurrent.ExecutorPolicy$CatchAndRecordFailures.onExecute(ExecutorPolicy.java:63)
	at org.gradle.internal.concurrent.ManagedExecutorImpl$1.run(ManagedExecutorImpl.java:46)
	at java.util.concurrent.ThreadPoolExecutor.runWorker(ThreadPoolExecutor.java:1149)
	at java.util.concurrent.ThreadPoolExecutor$Worker.run(ThreadPoolExecutor.java:624)
	at org.gradle.internal.concurrent.ThreadFactoryImpl$ManagedThreadRunnable.run(ThreadFactoryImpl.java:55)
	at java.lang.Thread.run(Thread.java:748)
</pre>
</span>
</div>
<div class="test">
<a name="testExample[foreach2]"></a>
<h3 class="failures">testExample[foreach2]</h3>
<span class="code">
<pre>java.lang.UnsupportedOperationException
	at mavlc.codegen.CodeGeneration.visitForEachLoop(CodeGeneration.java:387)
	at mavlc.codegen.CodeGeneration.visitForEachLoop(CodeGeneration.java:91)
	at mavlc.ast.nodes.statement.ForEachLoop.accept(ForEachLoop.java:94)
	at mavlc.codegen.CodeGeneration.visitFunction(CodeGeneration.java:147)
	at mavlc.codegen.CodeGeneration.visitFunction(CodeGeneration.java:91)
	at mavlc.ast.nodes.function.Function.accept(Function.java:73)
	at mavlc.codegen.CodeGeneration.visitModule(CodeGeneration.java:116)
	at mavlc.codegen.CodeGeneration.visitModule(CodeGeneration.java:91)
	at mavlc.ast.nodes.module.Module.accept(Module.java:47)
	at mavlc.Main.main(Main.java:173)
	at mavlc.codegen.output.OutputCompareTest.testExample(OutputCompareTest.java:60)
	at sun.reflect.NativeMethodAccessorImpl.invoke0(Native Method)
	at sun.reflect.NativeMethodAccessorImpl.invoke(NativeMethodAccessorImpl.java:62)
	at sun.reflect.DelegatingMethodAccessorImpl.invoke(DelegatingMethodAccessorImpl.java:43)
	at java.lang.reflect.Method.invoke(Method.java:498)
	at org.junit.runners.model.FrameworkMethod$1.runReflectiveCall(FrameworkMethod.java:50)
	at org.junit.internal.runners.model.ReflectiveCallable.run(ReflectiveCallable.java:12)
	at org.junit.runners.model.FrameworkMethod.invokeExplosively(FrameworkMethod.java:47)
	at org.junit.internal.runners.statements.InvokeMethod.evaluate(InvokeMethod.java:17)
	at org.junit.runners.ParentRunner.runLeaf(ParentRunner.java:325)
	at org.junit.runners.BlockJUnit4ClassRunner.runChild(BlockJUnit4ClassRunner.java:78)
	at org.junit.runners.BlockJUnit4ClassRunner.runChild(BlockJUnit4ClassRunner.java:57)
	at org.junit.runners.ParentRunner$3.run(ParentRunner.java:290)
	at org.junit.runners.ParentRunner$1.schedule(ParentRunner.java:71)
	at org.junit.runners.ParentRunner.runChildren(ParentRunner.java:288)
	at org.junit.runners.ParentRunner.access$000(ParentRunner.java:58)
	at org.junit.runners.ParentRunner$2.evaluate(ParentRunner.java:268)
	at org.junit.runners.ParentRunner.run(ParentRunner.java:363)
	at org.junit.runners.Suite.runChild(Suite.java:128)
	at org.junit.runners.Suite.runChild(Suite.java:27)
	at org.junit.runners.ParentRunner$3.run(ParentRunner.java:290)
	at org.junit.runners.ParentRunner$1.schedule(ParentRunner.java:71)
	at org.junit.runners.ParentRunner.runChildren(ParentRunner.java:288)
	at org.junit.runners.ParentRunner.access$000(ParentRunner.java:58)
	at org.junit.runners.ParentRunner$2.evaluate(ParentRunner.java:268)
	at org.junit.runners.ParentRunner.run(ParentRunner.java:363)
	at org.gradle.api.internal.tasks.testing.junit.JUnitTestClassExecuter.runTestClass(JUnitTestClassExecuter.java:114)
	at org.gradle.api.internal.tasks.testing.junit.JUnitTestClassExecuter.execute(JUnitTestClassExecuter.java:57)
	at org.gradle.api.internal.tasks.testing.junit.JUnitTestClassProcessor.processTestClass(JUnitTestClassProcessor.java:66)
	at org.gradle.api.internal.tasks.testing.SuiteTestClassProcessor.processTestClass(SuiteTestClassProcessor.java:51)
	at sun.reflect.NativeMethodAccessorImpl.invoke0(Native Method)
	at sun.reflect.NativeMethodAccessorImpl.invoke(NativeMethodAccessorImpl.java:62)
	at sun.reflect.DelegatingMethodAccessorImpl.invoke(DelegatingMethodAccessorImpl.java:43)
	at java.lang.reflect.Method.invoke(Method.java:498)
	at org.gradle.internal.dispatch.ReflectionDispatch.dispatch(ReflectionDispatch.java:35)
	at org.gradle.internal.dispatch.ReflectionDispatch.dispatch(ReflectionDispatch.java:24)
	at org.gradle.internal.dispatch.ContextClassLoaderDispatch.dispatch(ContextClassLoaderDispatch.java:32)
	at org.gradle.internal.dispatch.ProxyDispatchAdapter$DispatchingInvocationHandler.invoke(ProxyDispatchAdapter.java:93)
	at com.sun.proxy.$Proxy1.processTestClass(Unknown Source)
	at org.gradle.api.internal.tasks.testing.worker.TestWorker.processTestClass(TestWorker.java:109)
	at sun.reflect.NativeMethodAccessorImpl.invoke0(Native Method)
	at sun.reflect.NativeMethodAccessorImpl.invoke(NativeMethodAccessorImpl.java:62)
	at sun.reflect.DelegatingMethodAccessorImpl.invoke(DelegatingMethodAccessorImpl.java:43)
	at java.lang.reflect.Method.invoke(Method.java:498)
	at org.gradle.internal.dispatch.ReflectionDispatch.dispatch(ReflectionDispatch.java:35)
	at org.gradle.internal.dispatch.ReflectionDispatch.dispatch(ReflectionDispatch.java:24)
	at org.gradle.internal.remote.internal.hub.MessageHubBackedObjectConnection$DispatchWrapper.dispatch(MessageHubBackedObjectConnection.java:146)
	at org.gradle.internal.remote.internal.hub.MessageHubBackedObjectConnection$DispatchWrapper.dispatch(MessageHubBackedObjectConnection.java:128)
	at org.gradle.internal.remote.internal.hub.MessageHub$Handler.run(MessageHub.java:404)
	at org.gradle.internal.concurrent.ExecutorPolicy$CatchAndRecordFailures.onExecute(ExecutorPolicy.java:63)
	at org.gradle.internal.concurrent.ManagedExecutorImpl$1.run(ManagedExecutorImpl.java:46)
	at java.util.concurrent.ThreadPoolExecutor.runWorker(ThreadPoolExecutor.java:1149)
	at java.util.concurrent.ThreadPoolExecutor$Worker.run(ThreadPoolExecutor.java:624)
	at org.gradle.internal.concurrent.ThreadFactoryImpl$ManagedThreadRunnable.run(ThreadFactoryImpl.java:55)
	at java.lang.Thread.run(Thread.java:748)
</pre>
</span>
</div>
</div>
<div id="tab1" class="tab">
<h2>Tests</h2>
<table>
<thead>
<tr>
<th>Test</th>
<th>Duration</th>
<th>Result</th>
</tr>
</thead>
<tr>
<td class="success">testExample[Select1]</td>
<td>0.009s</td>
<td class="success">passed</td>
</tr>
<tr>
<td class="failures">testExample[Switchcase1]</td>
<td>0.003s</td>
<td class="failures">failed</td>
</tr>
<tr>
<td class="failures">testExample[Switchcase2]</td>
<td>0.077s</td>
<td class="failures">failed</td>
</tr>
<tr>
<td class="success">testExample[division01]</td>
<td>0.022s</td>
<td class="success">passed</td>
</tr>
<tr>
<td class="failures">testExample[foreach1]</td>
<td>0.001s</td>
<td class="failures">failed</td>
</tr>
<tr>
<td class="failures">testExample[foreach2]</td>
<td>0.045s</td>
<td class="failures">failed</td>
</tr>
<tr>
<td class="success">testExample[lhs1]</td>
<td>0.004s</td>
<td class="success">passed</td>
</tr>
<tr>
<td class="success">testExample[lhs2]</td>
<td>0.008s</td>
<td class="success">passed</td>
</tr>
<tr>
<td class="success">testExample[lhs3]</td>
<td>0.012s</td>
<td class="success">passed</td>
</tr>
<tr>
<td class="success">testExample[lhs4]</td>
<td>0.015s</td>
<td class="success">passed</td>
</tr>
<tr>
<td class="success">testExample[lhs5]</td>
<td>0.006s</td>
<td class="success">passed</td>
</tr>
<tr>
<td class="success">testExample[recordSelect1]</td>
<td>0.006s</td>
<td class="success">passed</td>
</tr>
</table>
</div>
<div id="tab2" class="tab">
<h2>Standard output</h2>
<span class="code">
<pre>[src/test/testcases/executables/P3/public/_4_2/foreach2.mavl, src/test/testcases/executables/P3/public/_4_2/foreach1.mavl, src/test/testcases/executables/P3/public/_4_1/Switchcase2.mavl, src/test/testcases/executables/P3/public/_4_1/Switchcase1.mavl, src/test/testcases/executables/P3/public/_3/recordSelect1.mavl, src/test/testcases/executables/P3/public/_1/division01.mavl, src/test/testcases/executables/P3/public/_2/lhs2.mavl, src/test/testcases/executables/P3/public/_2/lhs1.mavl, src/test/testcases/executables/P3/public/_4_3/Select1.mavl, src/test/testcases/executables/P3/onwTests/_2/lhs3.mavl, src/test/testcases/executables/P3/onwTests/_2/lhs4.mavl, src/test/testcases/executables/P3/onwTests/_2/lhs5.mavl]
src/test/testcases/executables/P3/public/_4_2/foreach2.mavl
src/test/testcases/executables/P3/public/_4_2/foreach2.txt
Compiling file src/test/testcases/executables/P3/public/_4_2/foreach2.mavl
src/test/testcases/executables/P3/public/_4_2/foreach1.mavl
src/test/testcases/executables/P3/public/_4_2/foreach1.txt
Compiling file src/test/testcases/executables/P3/public/_4_2/foreach1.mavl
src/test/testcases/executables/P3/public/_4_1/Switchcase2.mavl
src/test/testcases/executables/P3/public/_4_1/Switchcase2.txt
Compiling file src/test/testcases/executables/P3/public/_4_1/Switchcase2.mavl
.text
0000:  CALL  (CB)  1[CB]	main

# function VOID main()
0001:  PUSH        1
0002:  LOADL       -4
0003:  LOAD  (1)   2[LB]
0004:  CALL  (CB)  32756[CB]	printInt
0005:  HALT  
Done.
********** TAM Interpreter (Java Version 2.1esa3) **********
InputFile: build/test-output/a.tam
OutputFile: build/test-output/output.txt
src/test/testcases/executables/P3/public/_4_1/Switchcase1.mavl
src/test/testcases/executables/P3/public/_4_1/Switchcase1.txt
Compiling file src/test/testcases/executables/P3/public/_4_1/Switchcase1.mavl
.text
0000:  CALL  (CB)  1[CB]	main

# function VOID main()
0001:  LOADL       4
0002:  PUSH        1
0003:  LOADL       5
0004:  LOADL       4
0005:  LOAD  (1)   3[LB]
0006:  CALL  (CB)  32756[CB]	printInt
0007:  HALT  
Done.
********** TAM Interpreter (Java Version 2.1esa3) **********
InputFile: build/test-output/a.tam
OutputFile: build/test-output/output.txt
src/test/testcases/executables/P3/public/_3/recordSelect1.mavl
src/test/testcases/executables/P3/public/_3/recordSelect1.txt
Compiling file src/test/testcases/executables/P3/public/_3/recordSelect1.mavl
.data
0-&gt;hello world!
.text
0000:  CALL  (CB)  1[CB]	main

# function VOID main()
0001:  LOADL       0
0002:  LOADL       12
0003:  LOAD  (2)   2[LB]
0004:  LOADA       -2[ST]
0005:  LOADL       0
0006:  add
0007:  LOADI (1)   
0008:  POP   (1)   2
0009:  CALL  (CB)  32759[CB]	printString
000A:  HALT  
Done.
********** TAM Interpreter (Java Version 2.1esa3) **********
InputFile: build/test-output/a.tam
OutputFile: build/test-output/output.txt
src/test/testcases/executables/P3/public/_1/division01.mavl
src/test/testcases/executables/P3/public/_1/division01.txt
Compiling file src/test/testcases/executables/P3/public/_1/division01.mavl
.text
0000:  CALL  (CB)  1[CB]	main

# function VOID main()
0001:  LOADL       1087583027
0002:  LOADL       1074580685
0003:  LOAD  (1)   2[LB]
0004:  LOAD  (1)   3[LB]
0005:  floatDiv
0006:  LOAD  (1)   4[LB]
0007:  CALL  (CB)  32757[CB]	printFloat
0008:  LOADL       6
0009:  LOADL       2
000A:  LOAD  (1)   5[LB]
000B:  LOAD  (1)   6[LB]
000C:  div
000D:  LOAD  (1)   7[LB]
000E:  CALL  (CB)  32756[CB]	printInt
000F:  HALT  
Done.
********** TAM Interpreter (Java Version 2.1esa3) **********
InputFile: build/test-output/a.tam
OutputFile: build/test-output/output.txt
src/test/testcases/executables/P3/public/_2/lhs2.mavl
src/test/testcases/executables/P3/public/_2/lhs2.txt
Compiling file src/test/testcases/executables/P3/public/_2/lhs2.mavl
.text
0000:  CALL  (CB)  1[CB]	main

# function VOID main()
0001:  PUSH        3
0002:  LOADL       4
0003:  LOADL       0
0004:  LOADA       2[LB]
0005:  add
0006:  STOREI(1)   
0007:  LOADL       17
0008:  LOADL       1
0009:  LOADA       2[LB]
000A:  add
000B:  STOREI(1)   
000C:  LOADL       9
000D:  LOADL       2
000E:  LOADA       2[LB]
000F:  add
0010:  STOREI(1)   
0011:  LOAD  (3)   2[LB]
0012:  LOADA       -3[ST]
0013:  LOADL       0
0014:  LOADL       1
0015:  mult
0016:  add
0017:  LOADI (1)   
0018:  POP   (1)   3
0019:  CALL  (CB)  32756[CB]	printInt
001A:  LOAD  (3)   2[LB]
001B:  LOADA       -3[ST]
001C:  LOADL       1
001D:  LOADL       1
001E:  mult
001F:  add
0020:  LOADI (1)   
0021:  POP   (1)   3
0022:  CALL  (CB)  32756[CB]	printInt
0023:  LOAD  (3)   2[LB]
0024:  LOADA       -3[ST]
0025:  LOADL       2
0026:  LOADL       1
0027:  mult
0028:  add
0029:  LOADI (1)   
002A:  POP   (1)   3
002B:  CALL  (CB)  32756[CB]	printInt
002C:  HALT  
Done.
********** TAM Interpreter (Java Version 2.1esa3) **********
InputFile: build/test-output/a.tam
OutputFile: build/test-output/output.txt
src/test/testcases/executables/P3/public/_2/lhs1.mavl
src/test/testcases/executables/P3/public/_2/lhs1.txt
Compiling file src/test/testcases/executables/P3/public/_2/lhs1.mavl
.text
0000:  CALL  (CB)  1[CB]	main

# function VOID main()
0001:  PUSH        1
0002:  LOADL       4
0003:  LOADA       2[LB]
0004:  STOREI(1)   
0005:  LOADL       5
0006:  LOADA       2[LB]
0007:  STOREI(1)   
0008:  LOAD  (1)   2[LB]
0009:  CALL  (CB)  32756[CB]	printInt
000A:  HALT  
Done.
********** TAM Interpreter (Java Version 2.1esa3) **********
InputFile: build/test-output/a.tam
OutputFile: build/test-output/output.txt
src/test/testcases/executables/P3/public/_4_3/Select1.mavl
src/test/testcases/executables/P3/public/_4_3/Select1.txt
Compiling file src/test/testcases/executables/P3/public/_4_3/Select1.mavl
.text
0000:  CALL  (CB)  1[CB]	main

# function VOID main()
0001:  PUSH        1
0002:  PUSH        1
0003:  LOADL       20
0004:  LOADL       10
0005:  LOADA       2[LB]
0006:  STOREI(1)   
0007:  LOAD  (1)   2[LB]
0008:  LOAD  (1)   4[LB]
0009:  gt
000A:  JUMPIF(0)   13[CB]
000B:  LOAD  (1)   2[LB]
000C:  JUMP        14[CB]
000D:  LOAD  (1)   4[LB]
000E:  LOADA       3[LB]
000F:  STOREI(1)   
0010:  LOAD  (1)   3[LB]
0011:  CALL  (CB)  32756[CB]	printInt
0012:  HALT  
Done.
********** TAM Interpreter (Java Version 2.1esa3) **********
InputFile: build/test-output/a.tam
OutputFile: build/test-output/output.txt
src/test/testcases/executables/P3/onwTests/_2/lhs3.mavl
src/test/testcases/executables/P3/onwTests/_2/lhs3.txt
Compiling file src/test/testcases/executables/P3/onwTests/_2/lhs3.mavl
.text
0000:  CALL  (CB)  1[CB]	main

# function VOID main()
0001:  PUSH        9
0002:  LOADL       4
0003:  LOADL       3
0004:  LOADL       0
0005:  mult
0006:  LOADL       1
0007:  add
0008:  LOADA       2[LB]
0009:  add
000A:  STOREI(1)   
000B:  LOADL       17
000C:  LOADL       3
000D:  LOADL       1
000E:  mult
000F:  LOADL       2
0010:  add
0011:  LOADA       2[LB]
0012:  add
0013:  STOREI(1)   
0014:  LOADL       9
0015:  LOADL       3
0016:  LOADL       2
0017:  mult
0018:  LOADL       2
0019:  add
001A:  LOADA       2[LB]
001B:  add
001C:  STOREI(1)   
001D:  LOAD  (9)   2[LB]
001E:  LOADA       -9[ST]
001F:  LOADL       0
0020:  LOADL       3
0021:  mult
0022:  add
0023:  LOADI (3)   
0024:  POP   (3)   9
0025:  LOADA       -3[ST]
0026:  LOADL       1
0027:  LOADL       1
0028:  mult
0029:  add
002A:  LOADI (1)   
002B:  POP   (1)   3
002C:  CALL  (CB)  32756[CB]	printInt
002D:  LOAD  (9)   2[LB]
002E:  LOADA       -9[ST]
002F:  LOADL       1
0030:  LOADL       3
0031:  mult
0032:  add
0033:  LOADI (3)   
0034:  POP   (3)   9
0035:  LOADA       -3[ST]
0036:  LOADL       2
0037:  LOADL       1
0038:  mult
0039:  add
003A:  LOADI (1)   
003B:  POP   (1)   3
003C:  CALL  (CB)  32756[CB]	printInt
003D:  LOAD  (9)   2[LB]
003E:  LOADA       -9[ST]
003F:  LOADL       2
0040:  LOADL       3
0041:  mult
0042:  add
0043:  LOADI (3)   
0044:  POP   (3)   9
0045:  LOADA       -3[ST]
0046:  LOADL       2
0047:  LOADL       1
0048:  mult
0049:  add
004A:  LOADI (1)   
004B:  POP   (1)   3
004C:  CALL  (CB)  32756[CB]	printInt
004D:  HALT  
Done.
********** TAM Interpreter (Java Version 2.1esa3) **********
InputFile: build/test-output/a.tam
OutputFile: build/test-output/output.txt
src/test/testcases/executables/P3/onwTests/_2/lhs4.mavl
src/test/testcases/executables/P3/onwTests/_2/lhs4.txt
Compiling file src/test/testcases/executables/P3/onwTests/_2/lhs4.mavl
.text
0000:  CALL  (CB)  1[CB]	main

# function VOID main()
0001:  PUSH        5
0002:  LOADL       1
0003:  LOADL       2
0004:  LOADL       3
0005:  LOADL       4
0006:  LOADL       10
0007:  LOADA       2[LB]
0008:  STOREI(5)   
0009:  LOAD  (5)   2[LB]
000A:  LOADA       -5[ST]
000B:  LOADL       0
000C:  add
000D:  LOADI (4)   
000E:  POP   (4)   5
000F:  LOADA       -4[ST]
0010:  LOADL       0
0011:  LOADL       2
0012:  mult
0013:  add
0014:  LOADI (2)   
0015:  POP   (2)   4
0016:  LOADA       -2[ST]
0017:  LOADL       0
0018:  LOADL       1
0019:  mult
001A:  add
001B:  LOADI (1)   
001C:  POP   (1)   2
001D:  CALL  (CB)  32756[CB]	printInt
001E:  LOAD  (5)   2[LB]
001F:  LOADA       -5[ST]
0020:  LOADL       0
0021:  add
0022:  LOADI (4)   
0023:  POP   (4)   5
0024:  LOADA       -4[ST]
0025:  LOADL       0
0026:  LOADL       2
0027:  mult
0028:  add
0029:  LOADI (2)   
002A:  POP   (2)   4
002B:  LOADA       -2[ST]
002C:  LOADL       1
002D:  LOADL       1
002E:  mult
002F:  add
0030:  LOADI (1)   
0031:  POP   (1)   2
0032:  CALL  (CB)  32756[CB]	printInt
0033:  LOAD  (5)   2[LB]
0034:  LOADA       -5[ST]
0035:  LOADL       0
0036:  add
0037:  LOADI (4)   
0038:  POP   (4)   5
0039:  LOADA       -4[ST]
003A:  LOADL       1
003B:  LOADL       2
003C:  mult
003D:  add
003E:  LOADI (2)   
003F:  POP   (2)   4
0040:  LOADA       -2[ST]
0041:  LOADL       0
0042:  LOADL       1
0043:  mult
0044:  add
0045:  LOADI (1)   
0046:  POP   (1)   2
0047:  CALL  (CB)  32756[CB]	printInt
0048:  LOAD  (5)   2[LB]
0049:  LOADA       -5[ST]
004A:  LOADL       0
004B:  add
004C:  LOADI (4)   
004D:  POP   (4)   5
004E:  LOADA       -4[ST]
004F:  LOADL       1
0050:  LOADL       2
0051:  mult
0052:  add
0053:  LOADI (2)   
0054:  POP   (2)   4
0055:  LOADA       -2[ST]
0056:  LOADL       1
0057:  LOADL       1
0058:  mult
0059:  add
005A:  LOADI (1)   
005B:  POP   (1)   2
005C:  CALL  (CB)  32756[CB]	printInt
005D:  LOAD  (5)   2[LB]
005E:  LOADA       -5[ST]
005F:  LOADL       4
0060:  add
0061:  LOADI (1)   
0062:  POP   (1)   5
0063:  CALL  (CB)  32756[CB]	printInt
0064:  LOADL       42
0065:  LOADA       2[LB]
0066:  LOADL       4
0067:  add
0068:  STOREI(1)   
0069:  LOADL       5
006A:  LOADL       6
006B:  LOADL       7
006C:  LOADL       8
006D:  LOADA       2[LB]
006E:  LOADL       0
006F:  add
0070:  STOREI(4)   
0071:  LOAD  (5)   2[LB]
0072:  LOADA       -5[ST]
0073:  LOADL       4
0074:  add
0075:  LOADI (1)   
0076:  POP   (1)   5
0077:  CALL  (CB)  32756[CB]	printInt
0078:  LOAD  (5)   2[LB]
0079:  LOADA       -5[ST]
007A:  LOADL       0
007B:  add
007C:  LOADI (4)   
007D:  POP   (4)   5
007E:  LOADA       -4[ST]
007F:  LOADL       1
0080:  LOADL       2
0081:  mult
0082:  add
0083:  LOADI (2)   
0084:  POP   (2)   4
0085:  LOADA       -2[ST]
0086:  LOADL       1
0087:  LOADL       1
0088:  mult
0089:  add
008A:  LOADI (1)   
008B:  POP   (1)   2
008C:  CALL  (CB)  32756[CB]	printInt
008D:  HALT  
Done.
********** TAM Interpreter (Java Version 2.1esa3) **********
InputFile: build/test-output/a.tam
OutputFile: build/test-output/output.txt
src/test/testcases/executables/P3/onwTests/_2/lhs5.mavl
src/test/testcases/executables/P3/onwTests/_2/lhs5.txt
Compiling file src/test/testcases/executables/P3/onwTests/_2/lhs5.mavl
.text
0000:  CALL  (CB)  1[CB]	main

# function VOID main()
0001:  PUSH        3
0002:  LOADL       1
0003:  LOADL       2
0004:  LOADL       3
0005:  LOADA       2[LB]
0006:  STOREI(3)   
0007:  LOAD  (3)   2[LB]
0008:  LOADA       -3[ST]
0009:  LOADL       0
000A:  add
000B:  LOADI (1)   
000C:  POP   (1)   3
000D:  CALL  (CB)  32756[CB]	printInt
000E:  LOAD  (3)   2[LB]
000F:  LOADA       -3[ST]
0010:  LOADL       1
0011:  add
0012:  LOADI (1)   
0013:  POP   (1)   3
0014:  CALL  (CB)  32756[CB]	printInt
0015:  LOAD  (3)   2[LB]
0016:  LOADA       -3[ST]
0017:  LOADL       2
0018:  add
0019:  LOADI (1)   
001A:  POP   (1)   3
001B:  CALL  (CB)  32756[CB]	printInt
001C:  HALT  
Done.
********** TAM Interpreter (Java Version 2.1esa3) **********
InputFile: build/test-output/a.tam
OutputFile: build/test-output/output.txt
</pre>
</span>
</div>
<div id="tab3" class="tab">
<h2>Standard error</h2>
<span class="code">
<pre>Running testcase foreach2
Running testcase foreach1
Running testcase Switchcase2
Executing binary!
Running testcase Switchcase1
Executing binary!
Running testcase recordSelect1
Executing binary!
Running testcase division01
Executing binary!
Running testcase lhs2
Executing binary!
Running testcase lhs1
Executing binary!
Running testcase Select1
Executing binary!
Running testcase lhs3
Executing binary!
Running testcase lhs4
Executing binary!
Running testcase lhs5
Executing binary!
</pre>
</span>
</div>
</div>
<div id="footer">
<p>
<div>
<label class="hidden" id="label-for-line-wrapping-toggle" for="line-wrapping-toggle">Wrap lines
<input id="line-wrapping-toggle" type="checkbox" autocomplete="off"/>
</label>
</div>Generated by 
<a href="http://www.gradle.org">Gradle 4.1</a> at Jan 24, 2018 9:50:10 AM</p>
</div>
</div>
</body>
</html>
